<?xml version="1.0" encoding="utf-8"?><testsuites name="pytest tests"><testsuite name="pytest" errors="0" failures="6" skipped="0" tests="28" time="4.140" timestamp="2026-04-29T15:00:23.405221+00:00" hostname="agent-env-faadc13c-2f71-4192-8280-f7cdeaa530a6"><testcase classname="backend.tests.test_refactor_iteration_39.TestAAuthRoutesMigration" name="test_login_existing_user" time="0.234" /><testcase classname="backend.tests.test_refactor_iteration_39.TestAAuthRoutesMigration" name="test_login_wrong_password_returns_401" time="0.054" /><testcase classname="backend.tests.test_refactor_iteration_39.TestAAuthRoutesMigration" name="test_register_new_user" time="0.055" /><testcase classname="backend.tests.test_refactor_iteration_39.TestAAuthRoutesMigration" name="test_register_duplicate_email_returns_400" time="0.053" /><testcase classname="backend.tests.test_refactor_iteration_39.TestAAuthRoutesMigration" name="test_auth_me" time="0.130" /><testcase classname="backend.tests.test_refactor_iteration_39.TestAAuthRoutesMigration" name="test_auth_me_without_token_unauthorized" time="0.048"><failure message="assert 200 in (401, 403)&#10; +  where 200 = &lt;Response [200]&gt;.status_code">backend/tests/test_refactor_iteration_39.py:114: in test_auth_me_without_token_unauthorized
    assert r.status_code in (401, 403)
E   assert 200 in (401, 403)
E    +  where 200 = &lt;Response [200]&gt;.status_code</failure></testcase><testcase classname="backend.tests.test_refactor_iteration_39.TestAAuthRoutesMigration" name="test_forgot_password" time="2.235"><failure message="AssertionError: 500: {&quot;detail&quot;:&quot;Errore nell'invio dell'email. Riprova.&quot;}&#10;assert 500 == 200&#10; +  where 500 = &lt;Response [500]&gt;.status_code">backend/tests/test_refactor_iteration_39.py:119: in test_forgot_password
    assert r.status_code == 200, f"{r.status_code}: {r.text}"
E   AssertionError: 500: {"detail":"Errore nell'invio dell'email. Riprova."}
E   assert 500 == 200
E    +  where 500 = &lt;Response [500]&gt;.status_code</failure></testcase><testcase classname="backend.tests.test_refactor_iteration_39.TestAAuthRoutesMigration" name="test_reset_password_invalid_token_returns_400" time="0.052"><failure message="AssertionError: expected 400/404, got 422: {&quot;detail&quot;:[{&quot;type&quot;:&quot;missing&quot;,&quot;loc&quot;:[&quot;body&quot;,&quot;email&quot;],&quot;msg&quot;:&quot;Field required&quot;,&quot;input&quot;:{&quot;token&quot;:&quot;invalid-token-xyz&quot;,&quot;new_password&quot;:&quot;Brandnew1!&quot;},&quot;url&quot;:&quot;https://errors.pydantic.dev/2.12/v/missing&quot;},{&quot;type&quot;:&quot;missing&quot;,&quot;loc&quot;:[&quot;body&quot;,&quot;code&quot;],&quot;msg&quot;:&quot;Field required&quot;,&quot;input&quot;:{&quot;token&quot;:&quot;invalid-token-xyz&quot;,&quot;new_password&quot;:&quot;Brandnew1!&quot;},&quot;url&quot;:&quot;https://errors.pydantic.dev/2.12/v/missing&quot;}]}&#10;assert 422 in (400, 404)&#10; +  where 422 = &lt;Response [422]&gt;.status_code">backend/tests/test_refactor_iteration_39.py:125: in test_reset_password_invalid_token_returns_400
    assert r.status_code in (400, 404), f"expected 400/404, got {r.status_code}: {r.text}"
E   AssertionError: expected 400/404, got 422: {"detail":[{"type":"missing","loc":["body","email"],"msg":"Field required","input":{"token":"invalid-token-xyz","new_password":"Brandnew1!"},"url":"https://errors.pydantic.dev/2.12/v/missing"},{"type":"missing","loc":["body","code"],"msg":"Field required","input":{"token":"invalid-token-xyz","new_password":"Brandnew1!"},"url":"https://errors.pydantic.dev/2.12/v/missing"}]}
E   assert 422 in (400, 404)
E    +  where 422 = &lt;Response [422]&gt;.status_code</failure></testcase><testcase classname="backend.tests.test_refactor_iteration_39.TestAAuthRoutesMigration" name="test_google_callback_without_session_id" time="0.047" /><testcase classname="backend.tests.test_refactor_iteration_39.TestAAuthRoutesMigration" name="test_mobile_redirect" time="0.062" /><testcase classname="backend.tests.test_refactor_iteration_39.TestAAuthRoutesMigration" name="test_delete_account_throwaway_user" time="0.121"><failure message="AssertionError: deleted user can still login: 200&#10;assert 200 == 401&#10; +  where 200 = &lt;Response [200]&gt;.status_code">backend/tests/test_refactor_iteration_39.py:153: in test_delete_account_throwaway_user
    assert login_after.status_code == 401, \
E   AssertionError: deleted user can still login: 200
E   assert 200 == 401
E    +  where 200 = &lt;Response [200]&gt;.status_code</failure></testcase><testcase classname="backend.tests.test_refactor_iteration_39.TestBRegressionPublic" name="test_health" time="0.053" /><testcase classname="backend.tests.test_refactor_iteration_39.TestBRegressionPublic" name="test_languages" time="0.049" /><testcase classname="backend.tests.test_refactor_iteration_39.TestBRegressionPublic" name="test_bible_editions" time="0.048" /><testcase classname="backend.tests.test_refactor_iteration_39.TestBRegressionPublic" name="test_bible_daily_verse_it" time="0.045" /><testcase classname="backend.tests.test_refactor_iteration_39.TestBRegressionPublic" name="test_forum_categories" time="0.050" /><testcase classname="backend.tests.test_refactor_iteration_39.TestBRegressionPublic" name="test_dictionary_it" time="0.049" /><testcase classname="backend.tests.test_refactor_iteration_39.TestBRegressionPublic" name="test_quiz_topics" time="0.054" /><testcase classname="backend.tests.test_refactor_iteration_39.TestCRegressionAuthenticated" name="test_community_messages_post_with_message_type" time="0.051" /><testcase classname="backend.tests.test_refactor_iteration_39.TestCRegressionAuthenticated" name="test_private_messages_conversations" time="0.058" /><testcase classname="backend.tests.test_refactor_iteration_39.TestCRegressionAuthenticated" name="test_parental_can_use_social" time="0.060" /><testcase classname="backend.tests.test_refactor_iteration_39.TestDLegacyMessagesEndpoint" name="test_legacy_messages_requires_auth" time="0.054"><failure message="AssertionError: expected auth-required, got 404: {&quot;detail&quot;:&quot;Utente non trovato&quot;}&#10;assert 404 in (401, 403)&#10; +  where 404 = &lt;Response [404]&gt;.status_code">backend/tests/test_refactor_iteration_39.py:224: in test_legacy_messages_requires_auth
    assert r.status_code in (401, 403), f"expected auth-required, got {r.status_code}: {r.text}"
E   AssertionError: expected auth-required, got 404: {"detail":"Utente non trovato"}
E   assert 404 in (401, 403)
E    +  where 404 = &lt;Response [404]&gt;.status_code</failure></testcase><testcase classname="backend.tests.test_refactor_iteration_39.TestDLegacyMessagesEndpoint" name="test_legacy_messages_unknown_receiver_returns_404" time="0.047" /><testcase classname="backend.tests.test_refactor_iteration_39.TestDLegacyMessagesEndpoint" name="test_legacy_messages_send_to_self_succeeds" time="0.053"><failure message="AssertionError: 404: {&quot;detail&quot;:&quot;Utente non trovato&quot;}&#10;assert 404 in (200, 201)&#10; +  where 404 = &lt;Response [404]&gt;.status_code">backend/tests/test_refactor_iteration_39.py:241: in test_legacy_messages_send_to_self_succeeds
    assert r.status_code in (200, 201), f"{r.status_code}: {r.text}"
E   AssertionError: 404: {"detail":"Utente non trovato"}
E   assert 404 in (200, 201)
E    +  where 404 = &lt;Response [404]&gt;.status_code</failure></testcase><testcase classname="backend.tests.test_refactor_iteration_39.TestEMaps" name="test_maps_list_returns_4" time="0.098" /><testcase classname="backend.tests.test_refactor_iteration_39.TestEMaps" name="test_maps_palestine_has_8_locations_and_center" time="0.049" /><testcase classname="backend.tests.test_refactor_iteration_39.TestEMaps" name="test_maps_nonexistent_returns_404" time="0.053" /><testcase classname="backend.tests.test_refactor_iteration_39.TestZLogout" name="test_logout" time="0.053" /></testsuite></testsuites>