<?xml version="1.0" encoding="utf-8"?><testsuites name="pytest tests"><testsuite name="pytest" errors="0" failures="0" skipped="0" tests="32" time="4.303" timestamp="2026-05-13T07:08:53.340294+00:00" hostname="agent-env-faadc13c-2f71-4192-8280-f7cdeaa530a6"><testcase classname="tests.test_refactor_iteration_42.TestQuizTopicsAndCategories" name="test_topics_it" time="0.193" /><testcase classname="tests.test_refactor_iteration_42.TestQuizTopicsAndCategories" name="test_categories_it_count_35" time="0.075" /><testcase classname="tests.test_refactor_iteration_42.TestQuizTopicsAndCategories" name="test_categories_en_count_and_translation" time="0.045" /><testcase classname="tests.test_refactor_iteration_42.TestQuizTopicsAndCategories" name="test_lettere_generali_30_questions" time="0.050" /><testcase classname="tests.test_refactor_iteration_42.TestQuizTopicsAndCategories" name="test_profeti_minori_30plus_questions" time="0.048" /><testcase classname="tests.test_refactor_iteration_42.TestQuizTopicsAndCategories" name="test_quiz_by_classic_topic" time="0.043" /><testcase classname="tests.test_refactor_iteration_42.TestQuizTopicsAndCategories" name="test_quiz_by_classic_topic_not_found" time="0.046" /><testcase classname="tests.test_refactor_iteration_42.TestQuizTopicsAndCategories" name="test_quiz_category_not_found" time="0.045" /><testcase classname="tests.test_refactor_iteration_42.TestQuizHistoryStatsSubmit" name="test_history_auth_required" time="0.043" /><testcase classname="tests.test_refactor_iteration_42.TestQuizHistoryStatsSubmit" name="test_history_authed" time="0.177" /><testcase classname="tests.test_refactor_iteration_42.TestQuizHistoryStatsSubmit" name="test_stats_authed" time="0.115" /><testcase classname="tests.test_refactor_iteration_42.TestQuizHistoryStatsSubmit" name="test_submit_quiz_lettere_generali" time="1.637" /><testcase classname="tests.test_refactor_iteration_42.TestMaps" name="test_maps_list_returns_4" time="0.052" /><testcase classname="tests.test_refactor_iteration_42.TestMaps" name="test_map_palestine_full" time="0.045" /><testcase classname="tests.test_refactor_iteration_42.TestMaps" name="test_map_not_found" time="0.045" /><testcase classname="tests.test_refactor_iteration_42.TestFAQ" name="test_faq_list" time="0.044" /><testcase classname="tests.test_refactor_iteration_42.TestFAQ" name="test_faq_categories" time="0.045" /><testcase classname="tests.test_refactor_iteration_42.TestFAQ" name="test_faq_filter_by_category" time="0.043" /><testcase classname="tests.test_refactor_iteration_42.TestEvents" name="test_get_events_list" time="0.047" /><testcase classname="tests.test_refactor_iteration_42.TestEvents" name="test_get_event_by_id" time="0.148" /><testcase classname="tests.test_refactor_iteration_42.TestEvents" name="test_join_event" time="0.107" /><testcase classname="tests.test_refactor_iteration_42.TestEvents" name="test_start_event_creator" time="0.116" /><testcase classname="tests.test_refactor_iteration_42.TestEvents" name="test_end_event_creator" time="0.107" /><testcase classname="tests.test_refactor_iteration_42.TestEvents" name="test_events_auth_required_for_create" time="0.046" /><testcase classname="tests.test_refactor_iteration_42.TestStudyGroups" name="test_get_my_groups" time="0.218" /><testcase classname="tests.test_refactor_iteration_42.TestStudyGroups" name="test_send_and_get_messages" time="0.222" /><testcase classname="tests.test_refactor_iteration_42.TestStudyGroups" name="test_search_users_excludes_minors_and_self" time="0.122" /><testcase classname="tests.test_refactor_iteration_42.TestStudyGroups" name="test_groups_auth_required" time="0.041" /><testcase classname="tests.test_refactor_iteration_42.TestBible" name="test_books_count_66" time="0.044" /><testcase classname="tests.test_refactor_iteration_42.TestBible" name="test_editions_count_12" time="0.045" /><testcase classname="tests.test_refactor_iteration_42.TestBible" name="test_psalm_23_diodati_classica_vs_nuova_diodati_differ" time="0.093" /><testcase classname="tests.test_refactor_iteration_42.TestBible" name="test_genesis_1_kjv_vs_asv_differ" time="0.096" /></testsuite></testsuites>