<?xml version="1.0" encoding="utf-8"?><testsuites name="pytest tests"><testsuite name="pytest" errors="0" failures="0" skipped="0" tests="62" time="15.652" timestamp="2026-04-29T15:41:54.413277+00:00" hostname="agent-env-faadc13c-2f71-4192-8280-f7cdeaa530a6"><testcase classname="backend.tests.test_refactor_iteration_41.TestLegalDonations" name="test_consent_status" time="0.264" /><testcase classname="backend.tests.test_refactor_iteration_41.TestLegalDonations" name="test_consent_accept_v1" time="0.115" /><testcase classname="backend.tests.test_refactor_iteration_41.TestLegalDonations" name="test_consent_status_after_accept" time="0.115" /><testcase classname="backend.tests.test_refactor_iteration_41.TestLegalDonations" name="test_consent_requires_auth" time="0.114" /><testcase classname="backend.tests.test_refactor_iteration_41.TestLegalDonations" name="test_donations_config" time="0.100" /><testcase classname="backend.tests.test_refactor_iteration_41.TestLegalDonations" name="test_donations_create_paypal_and_persist" time="0.251" /><testcase classname="backend.tests.test_refactor_iteration_41.TestLegalDonations" name="test_donations_create_bonifico_includes_bank_details" time="0.115" /><testcase classname="backend.tests.test_refactor_iteration_41.TestLegalDonations" name="test_donations_requires_auth" time="0.105" /><testcase classname="backend.tests.test_refactor_iteration_41.TestLegalDonations" name="test_policy_check_clean" time="0.139" /><testcase classname="backend.tests.test_refactor_iteration_41.TestLegalDonations" name="test_policy_check_violation" time="0.117" /><testcase classname="backend.tests.test_refactor_iteration_41.TestCommunity" name="test_create_message" time="0.119" /><testcase classname="backend.tests.test_refactor_iteration_41.TestCommunity" name="test_get_messages" time="0.109" /><testcase classname="backend.tests.test_refactor_iteration_41.TestCommunity" name="test_translate_message_same_language" time="0.121" /><testcase classname="backend.tests.test_refactor_iteration_41.TestCommunity" name="test_translate_message_different_language" time="0.747" /><testcase classname="backend.tests.test_refactor_iteration_41.TestCommunity" name="test_translate_unknown_message" time="0.120" /><testcase classname="backend.tests.test_refactor_iteration_41.TestCommunity" name="test_like_message_and_unknown" time="0.226" /><testcase classname="backend.tests.test_refactor_iteration_41.TestCommunity" name="test_get_users" time="0.116" /><testcase classname="backend.tests.test_refactor_iteration_41.TestCommunity" name="test_community_requires_auth" time="0.331" /><testcase classname="backend.tests.test_refactor_iteration_41.TestPrivateMessages" name="test_send_private_message" time="0.220" /><testcase classname="backend.tests.test_refactor_iteration_41.TestPrivateMessages" name="test_get_conversations" time="0.539" /><testcase classname="backend.tests.test_refactor_iteration_41.TestPrivateMessages" name="test_get_messages_with_user" time="0.125" /><testcase classname="backend.tests.test_refactor_iteration_41.TestPrivateMessages" name="test_send_to_unknown_user" time="0.125" /><testcase classname="backend.tests.test_refactor_iteration_41.TestPrivateMessages" name="test_legacy_send_message" time="0.120" /><testcase classname="backend.tests.test_refactor_iteration_41.TestPrivateMessages" name="test_legacy_get_messages_list" time="0.122" /><testcase classname="backend.tests.test_refactor_iteration_41.TestPrivateMessages" name="test_legacy_get_conversation" time="0.140" /><testcase classname="backend.tests.test_refactor_iteration_41.TestPrivateMessages" name="test_legacy_creates_notification_for_receiver" time="0.250" /><testcase classname="backend.tests.test_refactor_iteration_41.TestPrivateMessages" name="test_private_messages_requires_auth" time="0.262" /><testcase classname="backend.tests.test_refactor_iteration_41.TestUsersPresence" name="test_heartbeat" time="0.115" /><testcase classname="backend.tests.test_refactor_iteration_41.TestUsersPresence" name="test_online_users_includes_self" time="0.121" /><testcase classname="backend.tests.test_refactor_iteration_41.TestUsersPresence" name="test_offline" time="0.106" /><testcase classname="backend.tests.test_refactor_iteration_41.TestUsersPresence" name="test_update_settings" time="0.119" /><testcase classname="backend.tests.test_refactor_iteration_41.TestUsersPresence" name="test_update_settings_ignores_unknown_fields" time="0.121" /><testcase classname="backend.tests.test_refactor_iteration_41.TestUsersPresence" name="test_presence_requires_auth" time="0.586" /><testcase classname="backend.tests.test_refactor_iteration_41.TestPreviousModulesRegression" name="test_auth_me" time="0.166" /><testcase classname="backend.tests.test_refactor_iteration_41.TestPreviousModulesRegression" name="test_notifications" time="0.114" /><testcase classname="backend.tests.test_refactor_iteration_41.TestPreviousModulesRegression" name="test_friends" time="0.109" /><testcase classname="backend.tests.test_refactor_iteration_41.TestPreviousModulesRegression" name="test_journal" time="0.108" /><testcase classname="backend.tests.test_refactor_iteration_41.TestPreviousModulesRegression" name="test_bookmarks" time="0.128" /><testcase classname="backend.tests.test_refactor_iteration_41.TestPreviousModulesRegression" name="test_progress" time="0.586" /><testcase classname="backend.tests.test_refactor_iteration_41.TestPreviousModulesRegression" name="test_forum_categories" time="0.127" /><testcase classname="backend.tests.test_refactor_iteration_41.TestPreviousModulesRegression" name="test_forum_posts" time="0.116" /><testcase classname="backend.tests.test_refactor_iteration_41.TestPreviousModulesRegression" name="test_safety_status" time="0.165" /><testcase classname="backend.tests.test_refactor_iteration_41.TestPreviousModulesRegression" name="test_parental_controls_status" time="0.178" /><testcase classname="backend.tests.test_refactor_iteration_41.TestServerPyRegression" name="test_health" time="0.118" /><testcase classname="backend.tests.test_refactor_iteration_41.TestServerPyRegression" name="test_languages" time="0.115" /><testcase classname="backend.tests.test_refactor_iteration_41.TestServerPyRegression" name="test_bible_editions" time="0.118" /><testcase classname="backend.tests.test_refactor_iteration_41.TestServerPyRegression" name="test_bible_books" time="0.156" /><testcase classname="backend.tests.test_refactor_iteration_41.TestServerPyRegression" name="test_bible_chapter" time="0.135" /><testcase classname="backend.tests.test_refactor_iteration_41.TestServerPyRegression" name="test_daily_verse" time="0.115" /><testcase classname="backend.tests.test_refactor_iteration_41.TestServerPyRegression" name="test_quiz_topics" time="0.117" /><testcase classname="backend.tests.test_refactor_iteration_41.TestServerPyRegression" name="test_quiz_categories" time="0.124" /><testcase classname="backend.tests.test_refactor_iteration_41.TestServerPyRegression" name="test_dictionary" time="0.123" /><testcase classname="backend.tests.test_refactor_iteration_41.TestServerPyRegression" name="test_dictionary_search" time="0.108" /><testcase classname="backend.tests.test_refactor_iteration_41.TestServerPyRegression" name="test_groups" time="0.118" /><testcase classname="backend.tests.test_refactor_iteration_41.TestServerPyRegression" name="test_groups_topics" time="0.126" /><testcase classname="backend.tests.test_refactor_iteration_41.TestServerPyRegression" name="test_study_groups" time="0.120" /><testcase classname="backend.tests.test_refactor_iteration_41.TestServerPyRegression" name="test_maps" time="0.119" /><testcase classname="backend.tests.test_refactor_iteration_41.TestServerPyRegression" name="test_maps_palestine" time="0.124" /><testcase classname="backend.tests.test_refactor_iteration_41.TestServerPyRegression" name="test_faq" time="0.124" /><testcase classname="backend.tests.test_refactor_iteration_41.TestServerPyRegression" name="test_worship" time="0.124" /><testcase classname="backend.tests.test_refactor_iteration_41.TestServerPyRegression" name="test_radios" time="0.113" /><testcase classname="backend.tests.test_refactor_iteration_41.TestServerPyRegression" name="test_feelings_analyze" time="5.114" /></testsuite></testsuites>