<?xml version="1.0" encoding="utf-8"?><testsuites name="pytest tests"><testsuite name="pytest" errors="0" failures="0" skipped="0" tests="68" time="10.995" timestamp="2026-04-29T15:20:03.863596+00:00" hostname="agent-env-faadc13c-2f71-4192-8280-f7cdeaa530a6"><testcase classname="backend.tests.test_refactor_iteration_40.TestANotificationsFriends" name="test_get_notifications" time="0.267" /><testcase classname="backend.tests.test_refactor_iteration_40.TestANotificationsFriends" name="test_unread_count" time="0.062" /><testcase classname="backend.tests.test_refactor_iteration_40.TestANotificationsFriends" name="test_notifications_require_auth" time="0.105" /><testcase classname="backend.tests.test_refactor_iteration_40.TestANotificationsFriends" name="test_mark_notification_read_idempotent" time="0.064" /><testcase classname="backend.tests.test_refactor_iteration_40.TestANotificationsFriends" name="test_read_all" time="0.061" /><testcase classname="backend.tests.test_refactor_iteration_40.TestANotificationsFriends" name="test_get_friends" time="0.068" /><testcase classname="backend.tests.test_refactor_iteration_40.TestANotificationsFriends" name="test_add_friend_self_returns_400" time="0.066" /><testcase classname="backend.tests.test_refactor_iteration_40.TestANotificationsFriends" name="test_add_friend_unknown_returns_404" time="0.061" /><testcase classname="backend.tests.test_refactor_iteration_40.TestANotificationsFriends" name="test_remove_friend_unknown_returns_404" time="0.070" /><testcase classname="backend.tests.test_refactor_iteration_40.TestANotificationsFriends" name="test_check_friendship" time="0.065" /><testcase classname="backend.tests.test_refactor_iteration_40.TestBJournalBookmarksProgress" name="test_create_bookmark" time="0.058" /><testcase classname="backend.tests.test_refactor_iteration_40.TestBJournalBookmarksProgress" name="test_list_bookmarks_includes_created" time="0.066" /><testcase classname="backend.tests.test_refactor_iteration_40.TestBJournalBookmarksProgress" name="test_delete_bookmark" time="0.203" /><testcase classname="backend.tests.test_refactor_iteration_40.TestBJournalBookmarksProgress" name="test_delete_bookmark_not_found" time="0.091" /><testcase classname="backend.tests.test_refactor_iteration_40.TestBJournalBookmarksProgress" name="test_create_journal_entry" time="5.756" /><testcase classname="backend.tests.test_refactor_iteration_40.TestBJournalBookmarksProgress" name="test_list_journal_entries" time="0.060" /><testcase classname="backend.tests.test_refactor_iteration_40.TestBJournalBookmarksProgress" name="test_delete_journal_entry" time="0.054" /><testcase classname="backend.tests.test_refactor_iteration_40.TestBJournalBookmarksProgress" name="test_delete_journal_not_found" time="0.063" /><testcase classname="backend.tests.test_refactor_iteration_40.TestBJournalBookmarksProgress" name="test_get_progress" time="0.058" /><testcase classname="backend.tests.test_refactor_iteration_40.TestBJournalBookmarksProgress" name="test_post_reading_progress" time="0.072" /><testcase classname="backend.tests.test_refactor_iteration_40.TestBJournalBookmarksProgress" name="test_save_chapter_reading" time="0.062" /><testcase classname="backend.tests.test_refactor_iteration_40.TestBJournalBookmarksProgress" name="test_get_reading_history" time="0.061" /><testcase classname="backend.tests.test_refactor_iteration_40.TestCForum" name="test_get_categories" time="0.068" /><testcase classname="backend.tests.test_refactor_iteration_40.TestCForum" name="test_get_posts_public" time="0.083" /><testcase classname="backend.tests.test_refactor_iteration_40.TestCForum" name="test_create_forum_post" time="0.088" /><testcase classname="backend.tests.test_refactor_iteration_40.TestCForum" name="test_get_single_post_with_replies" time="0.090" /><testcase classname="backend.tests.test_refactor_iteration_40.TestCForum" name="test_get_post_not_found" time="0.058" /><testcase classname="backend.tests.test_refactor_iteration_40.TestCForum" name="test_vote_forum_post_toggle" time="0.127" /><testcase classname="backend.tests.test_refactor_iteration_40.TestCForum" name="test_reply_forum_post" time="0.124" /><testcase classname="backend.tests.test_refactor_iteration_40.TestCForum" name="test_create_post_requires_auth" time="0.142" /><testcase classname="backend.tests.test_refactor_iteration_40.TestDParentalSafety" name="test_safety_status" time="0.065" /><testcase classname="backend.tests.test_refactor_iteration_40.TestDParentalSafety" name="test_acknowledge_reminder" time="0.071" /><testcase classname="backend.tests.test_refactor_iteration_40.TestDParentalSafety" name="test_can_share_info_adult" time="0.069" /><testcase classname="backend.tests.test_refactor_iteration_40.TestDParentalSafety" name="test_parental_controls_status" time="0.061" /><testcase classname="backend.tests.test_refactor_iteration_40.TestDParentalSafety" name="test_set_pin_invalid_length" time="0.067" /><testcase classname="backend.tests.test_refactor_iteration_40.TestDParentalSafety" name="test_set_pin_non_numeric" time="0.064" /><testcase classname="backend.tests.test_refactor_iteration_40.TestDParentalSafety" name="test_set_and_verify_pin" time="0.216" /><testcase classname="backend.tests.test_refactor_iteration_40.TestDParentalSafety" name="test_update_parental_controls" time="0.064" /><testcase classname="backend.tests.test_refactor_iteration_40.TestDParentalSafety" name="test_update_parental_controls_wrong_pin" time="0.064" /><testcase classname="backend.tests.test_refactor_iteration_40.TestDParentalSafety" name="test_can_use_social_adult" time="0.062" /><testcase classname="backend.tests.test_refactor_iteration_40.TestDParentalSafety" name="test_set_birth_date_valid" time="0.068" /><testcase classname="backend.tests.test_refactor_iteration_40.TestDParentalSafety" name="test_set_birth_date_invalid_format" time="0.062" /><testcase classname="backend.tests.test_refactor_iteration_40.TestDParentalSafety" name="test_parental_consent_set_code" time="0.082" /><testcase classname="backend.tests.test_refactor_iteration_40.TestEAuthSpotCheck" name="test_auth_me" time="0.066" /><testcase classname="backend.tests.test_refactor_iteration_40.TestFRegressionServerPy" name="test_health" time="0.058" /><testcase classname="backend.tests.test_refactor_iteration_40.TestFRegressionServerPy" name="test_languages" time="0.079" /><testcase classname="backend.tests.test_refactor_iteration_40.TestFRegressionServerPy" name="test_bible_editions" time="0.079" /><testcase classname="backend.tests.test_refactor_iteration_40.TestFRegressionServerPy" name="test_bible_books" time="0.067" /><testcase classname="backend.tests.test_refactor_iteration_40.TestFRegressionServerPy" name="test_bible_chapter_genesi_1" time="0.074" /><testcase classname="backend.tests.test_refactor_iteration_40.TestFRegressionServerPy" name="test_daily_verse" time="0.058" /><testcase classname="backend.tests.test_refactor_iteration_40.TestFRegressionServerPy" name="test_community_post_message" time="0.074" /><testcase classname="backend.tests.test_refactor_iteration_40.TestFRegressionServerPy" name="test_community_get_messages" time="0.071" /><testcase classname="backend.tests.test_refactor_iteration_40.TestFRegressionServerPy" name="test_community_users" time="0.065" /><testcase classname="backend.tests.test_refactor_iteration_40.TestFRegressionServerPy" name="test_users_heartbeat" time="0.057" /><testcase classname="backend.tests.test_refactor_iteration_40.TestFRegressionServerPy" name="test_users_online" time="0.062" /><testcase classname="backend.tests.test_refactor_iteration_40.TestFRegressionServerPy" name="test_private_messages_conversations" time="0.059" /><testcase classname="backend.tests.test_refactor_iteration_40.TestFRegressionServerPy" name="test_quiz_topics" time="0.056" /><testcase classname="backend.tests.test_refactor_iteration_40.TestFRegressionServerPy" name="test_quiz_categories" time="0.057" /><testcase classname="backend.tests.test_refactor_iteration_40.TestFRegressionServerPy" name="test_dictionary" time="0.056" /><testcase classname="backend.tests.test_refactor_iteration_40.TestFRegressionServerPy" name="test_dictionary_search_abba" time="0.068" /><testcase classname="backend.tests.test_refactor_iteration_40.TestFRegressionServerPy" name="test_groups_topics" time="0.066" /><testcase classname="backend.tests.test_refactor_iteration_40.TestFRegressionServerPy" name="test_groups_list" time="0.053" /><testcase classname="backend.tests.test_refactor_iteration_40.TestFRegressionServerPy" name="test_study_groups" time="0.065" /><testcase classname="backend.tests.test_refactor_iteration_40.TestFRegressionServerPy" name="test_maps_list" time="0.057" /><testcase classname="backend.tests.test_refactor_iteration_40.TestFRegressionServerPy" name="test_maps_palestine" time="0.052" /><testcase classname="backend.tests.test_refactor_iteration_40.TestFRegressionServerPy" name="test_faq" time="0.055" /><testcase classname="backend.tests.test_refactor_iteration_40.TestFRegressionServerPy" name="test_legacy_post_messages_to_self" time="0.058" /><testcase classname="backend.tests.test_refactor_iteration_40.TestFRegressionServerPy" name="test_legacy_post_messages_unknown_receiver_404" time="0.058" /></testsuite></testsuites>