<?xml version="1.0" encoding="utf-8"?><testsuites name="pytest tests"><testsuite name="pytest" errors="0" failures="0" skipped="0" tests="22" time="9.461" timestamp="2026-05-18T09:40:21.280741+00:00" hostname="agent-env-faadc13c-2f71-4192-8280-f7cdeaa530a6"><testcase classname="backend.tests.test_refactor_iteration_43.TestHealth" name="test_health" time="4.310" /><testcase classname="backend.tests.test_refactor_iteration_43.TestAuthFlow" name="test_register_login_checkauth" time="0.264" /><testcase classname="backend.tests.test_refactor_iteration_43.TestQuizCategories" name="test_categories_it_35_includes_lettere_generali" time="0.050" /><testcase classname="backend.tests.test_refactor_iteration_43.TestQuizCategories" name="test_topics_it_classic" time="0.049" /><testcase classname="backend.tests.test_refactor_iteration_43.TestQuizCategories" name="test_lettere_generali_30_articulated" time="0.047" /><testcase classname="backend.tests.test_refactor_iteration_43.TestQuizCategories" name="test_canone_bibbia_articulated_no_cryptic_refs" time="0.053" /><testcase classname="backend.tests.test_refactor_iteration_43.TestQuizCategories" name="test_profeti_minori_25_no_dupes_no_offtopic" time="0.046" /><testcase classname="backend.tests.test_refactor_iteration_43.TestQuizSubmit" name="test_submit_lettere_generali" time="2.119" /><testcase classname="backend.tests.test_refactor_iteration_43.TestBibleChapterTitles" name="test_known_titles[Romani-8-it-La Vita nello Spirito]" time="0.053" /><testcase classname="backend.tests.test_refactor_iteration_43.TestBibleChapterTitles" name="test_known_titles[Romani-8-en-Life in the Spirit]" time="0.049" /><testcase classname="backend.tests.test_refactor_iteration_43.TestBibleChapterTitles" name="test_known_titles[Giona-2-es-La Oraci\xf3n de Jon\xe1s]" time="0.050" /><testcase classname="backend.tests.test_refactor_iteration_43.TestBibleChapterTitles" name="test_known_titles[Apocalisse-21-de-Das Neue Jerusalem]" time="0.049" /><testcase classname="backend.tests.test_refactor_iteration_43.TestBibleChapterTitles" name="test_genesi_22_fr_has_french_title" time="0.726" /><testcase classname="backend.tests.test_refactor_iteration_43.TestBibleRegression" name="test_books_66" time="0.049" /><testcase classname="backend.tests.test_refactor_iteration_43.TestBibleRegression" name="test_editions_12" time="0.049" /><testcase classname="backend.tests.test_refactor_iteration_43.TestBibleRegression" name="test_psalm_23_edition_cache_fix" time="0.098" /><testcase classname="backend.tests.test_refactor_iteration_43.TestMapsFaq" name="test_maps_4" time="0.051" /><testcase classname="backend.tests.test_refactor_iteration_43.TestMapsFaq" name="test_faq_8" time="0.465" /><testcase classname="backend.tests.test_refactor_iteration_43.TestProtectedEndpoints" name="test_study_groups_authed" time="0.137" /><testcase classname="backend.tests.test_refactor_iteration_43.TestProtectedEndpoints" name="test_notifications_authed" time="0.168" /><testcase classname="backend.tests.test_refactor_iteration_43.TestProtectedEndpoints" name="test_community_messages_authed" time="0.119" /><testcase classname="backend.tests.test_refactor_iteration_43.TestProtectedEndpoints" name="test_study_groups_unauth" time="0.051" /></testsuite></testsuites>