<?xml version="1.0" encoding="utf-8"?><testsuites name="pytest tests"><testsuite name="pytest" errors="0" failures="0" skipped="0" tests="38" time="8.396" timestamp="2026-04-29T14:35:15.893352+00:00" hostname="agent-env-faadc13c-2f71-4192-8280-f7cdeaa530a6"><testcase classname="backend.tests.test_refactor_iteration_38.TestAPublic" name="test_health" time="0.272" /><testcase classname="backend.tests.test_refactor_iteration_38.TestAPublic" name="test_languages" time="0.075" /><testcase classname="backend.tests.test_refactor_iteration_38.TestAPublic" name="test_bible_editions" time="0.076" /><testcase classname="backend.tests.test_refactor_iteration_38.TestAPublic" name="test_bible_books_it" time="0.062" /><testcase classname="backend.tests.test_refactor_iteration_38.TestAPublic" name="test_bible_chapter_genesi_1" time="0.064" /><testcase classname="backend.tests.test_refactor_iteration_38.TestAPublic" name="test_bible_daily_verse" time="0.054" /><testcase classname="backend.tests.test_refactor_iteration_38.TestAPublic" name="test_forum_categories" time="0.066" /><testcase classname="backend.tests.test_refactor_iteration_38.TestAPublic" name="test_forum_posts_recent" time="0.059" /><testcase classname="backend.tests.test_refactor_iteration_38.TestAPublic" name="test_dictionary" time="0.055" /><testcase classname="backend.tests.test_refactor_iteration_38.TestAPublic" name="test_dictionary_search_abba" time="0.057" /><testcase classname="backend.tests.test_refactor_iteration_38.TestAPublic" name="test_quiz_topics" time="0.057" /><testcase classname="backend.tests.test_refactor_iteration_38.TestAPublic" name="test_quiz_categories" time="0.165" /><testcase classname="backend.tests.test_refactor_iteration_38.TestAPublic" name="test_groups_topics" time="0.232" /><testcase classname="backend.tests.test_refactor_iteration_38.TestAPublic" name="test_maps" time="0.208" /><testcase classname="backend.tests.test_refactor_iteration_38.TestAPublic" name="test_faq" time="0.097" /><testcase classname="backend.tests.test_refactor_iteration_38.TestBAuth" name="test_register_duplicate_returns_400" time="0.086" /><testcase classname="backend.tests.test_refactor_iteration_38.TestBAuth" name="test_login_success" time="0.071" /><testcase classname="backend.tests.test_refactor_iteration_38.TestBAuth" name="test_login_wrong_password" time="0.068" /><testcase classname="backend.tests.test_refactor_iteration_38.TestBAuth" name="test_auth_me" time="0.167" /><testcase classname="backend.tests.test_refactor_iteration_38.TestCAuthenticated" name="test_users_heartbeat" time="0.243" /><testcase classname="backend.tests.test_refactor_iteration_38.TestCAuthenticated" name="test_users_online" time="0.053" /><testcase classname="backend.tests.test_refactor_iteration_38.TestCAuthenticated" name="test_parental_can_use_social" time="0.062" /><testcase classname="backend.tests.test_refactor_iteration_38.TestCAuthenticated" name="test_parental_status" time="0.052" /><testcase classname="backend.tests.test_refactor_iteration_38.TestCAuthenticated" name="test_private_messages_conversations" time="0.057" /><testcase classname="backend.tests.test_refactor_iteration_38.TestCAuthenticated" name="test_groups_list" time="0.051" /><testcase classname="backend.tests.test_refactor_iteration_38.TestCAuthenticated" name="test_study_groups_list" time="0.051" /><testcase classname="backend.tests.test_refactor_iteration_38.TestCAuthenticated" name="test_bookmarks_list" time="0.065" /><testcase classname="backend.tests.test_refactor_iteration_38.TestCAuthenticated" name="test_progress_get" time="0.056" /><testcase classname="backend.tests.test_refactor_iteration_38.TestCAuthenticated" name="test_safety_status" time="0.059" /><testcase classname="backend.tests.test_refactor_iteration_38.TestCAuthenticated" name="test_community_messages_get" time="0.056" /><testcase classname="backend.tests.test_refactor_iteration_38.TestCAuthenticated" name="test_community_users_get" time="0.079" /><testcase classname="backend.tests.test_refactor_iteration_38.TestCAuthenticated" name="test_search_global" time="0.059" /><testcase classname="backend.tests.test_refactor_iteration_38.TestCAuthenticated" name="test_translate_post" time="0.841" /><testcase classname="backend.tests.test_refactor_iteration_38.TestDCommunityMessageBugFix" name="test_post_with_message_type" time="0.056" /><testcase classname="backend.tests.test_refactor_iteration_38.TestDCommunityMessageBugFix" name="test_post_default_message_type" time="0.054" /><testcase classname="backend.tests.test_refactor_iteration_38.TestEJournal" name="test_create_entry" time="4.308" /><testcase classname="backend.tests.test_refactor_iteration_38.TestEJournal" name="test_list_entries" time="0.055" /><testcase classname="backend.tests.test_refactor_iteration_38.TestZLogout" name="test_logout" time="0.057" /></testsuite></testsuites>