<?xml version="1.0" encoding="utf-8"?><testsuites name="pytest tests"><testsuite name="pytest" errors="0" failures="2" skipped="0" tests="31" time="1.472" timestamp="2026-02-12T17:18:50.571708+00:00" hostname="agent-env-e1218386-52f2-40bb-899b-b20c99bb80fa"><testcase classname="tests.test_quiz_dict_multilang.TestQuizTopicsMultilingual" name="test_quiz_topics_english_returns_valid_data" time="0.097" /><testcase classname="tests.test_quiz_dict_multilang.TestQuizTopicsMultilingual" name="test_quiz_topics_german_returns_valid_data" time="0.042" /><testcase classname="tests.test_quiz_dict_multilang.TestQuizTopicsMultilingual" name="test_quiz_topics_italian_returns_valid_data" time="0.035" /><testcase classname="tests.test_quiz_dict_multilang.TestQuizTopicsMultilingual" name="test_quiz_topics_spanish_returns_valid_data" time="0.041" /><testcase classname="tests.test_quiz_dict_multilang.TestQuizTopicsMultilingual" name="test_quiz_topics_french_returns_valid_data" time="0.037" /><testcase classname="tests.test_quiz_dict_multilang.TestQuizTopicsMultilingual" name="test_quiz_topics_portuguese_returns_valid_data" time="0.035" /><testcase classname="tests.test_quiz_dict_multilang.TestQuizTopicsMultilingual" name="test_quiz_topics_all_languages_have_same_number" time="0.230"><failure message="AssertionError: Quiz topic counts differ across languages: {'it': 14, 'en': 3, 'es': 4, 'de': 2, 'fr': 2, 'pt': 2}&#10;assert 4 == 1&#10; +  where 4 = len({2, 3, 4, 14})&#10; +    where {2, 3, 4, 14} = set([14, 3, 4, 2, 2, 2])">tests/test_quiz_dict_multilang.py:99: in test_quiz_topics_all_languages_have_same_number
    assert len(set(counts)) == 1, f"Quiz topic counts differ across languages: {topic_counts}"
E   AssertionError: Quiz topic counts differ across languages: {'it': 14, 'en': 3, 'es': 4, 'de': 2, 'fr': 2, 'pt': 2}
E   assert 4 == 1
E    +  where 4 = len({2, 3, 4, 14})
E    +    where {2, 3, 4, 14} = set([14, 3, 4, 2, 2, 2])</failure></testcase><testcase classname="tests.test_quiz_dict_multilang.TestQuizQuestionsMultilingual" name="test_genesis_quiz_english_questions" time="0.034" /><testcase classname="tests.test_quiz_dict_multilang.TestQuizQuestionsMultilingual" name="test_genesis_quiz_german_questions" time="0.035" /><testcase classname="tests.test_quiz_dict_multilang.TestQuizQuestionsMultilingual" name="test_genesis_quiz_italian_questions" time="0.033" /><testcase classname="tests.test_quiz_dict_multilang.TestQuizQuestionsMultilingual" name="test_quiz_questions_all_have_required_fields" time="0.034" /><testcase classname="tests.test_quiz_dict_multilang.TestDictionaryTermsMultilingual" name="test_dictionary_english_returns_english_origin" time="0.035" /><testcase classname="tests.test_quiz_dict_multilang.TestDictionaryTermsMultilingual" name="test_dictionary_german_returns_german_origin" time="0.031" /><testcase classname="tests.test_quiz_dict_multilang.TestDictionaryTermsMultilingual" name="test_dictionary_italian_returns_italian_origin" time="0.036" /><testcase classname="tests.test_quiz_dict_multilang.TestDictionaryTermsMultilingual" name="test_dictionary_spanish_origin_labels" time="0.032" /><testcase classname="tests.test_quiz_dict_multilang.TestDictionaryTermsMultilingual" name="test_dictionary_french_origin_labels" time="0.031" /><testcase classname="tests.test_quiz_dict_multilang.TestDictionaryTermsMultilingual" name="test_dictionary_portuguese_origin_labels" time="0.035" /><testcase classname="tests.test_quiz_dict_multilang.TestDictionaryTermDetailMultilingual" name="test_agape_english_meaning" time="0.041" /><testcase classname="tests.test_quiz_dict_multilang.TestDictionaryTermDetailMultilingual" name="test_agape_german_meaning" time="0.033" /><testcase classname="tests.test_quiz_dict_multilang.TestDictionaryTermDetailMultilingual" name="test_agape_italian_meaning" time="0.031" /><testcase classname="tests.test_quiz_dict_multilang.TestDictionaryTermDetailMultilingual" name="test_shalom_french_meaning" time="0.031" /><testcase classname="tests.test_quiz_dict_multilang.TestDictionaryTermDetailMultilingual" name="test_logos_spanish_meaning" time="0.034" /><testcase classname="tests.test_quiz_dict_multilang.TestDictionaryTermDetailMultilingual" name="test_term_detail_has_all_fields" time="0.037" /><testcase classname="tests.test_quiz_dict_multilang.TestDictionaryTermDetailMultilingual" name="test_term_not_found_returns_404" time="0.038" /><testcase classname="tests.test_quiz_dict_multilang.TestDictionarySearch" name="test_search_love_returns_results" time="0.031"><failure message="AssertionError: Search for 'love' should return results&#10;assert 0 &gt; 0&#10; +  where 0 = len([])">tests/test_quiz_dict_multilang.py:348: in test_search_love_returns_results
    assert len(results) &gt; 0, "Search for 'love' should return results"
E   AssertionError: Search for 'love' should return results
E   assert 0 &gt; 0
E    +  where 0 = len([])</failure></testcase><testcase classname="tests.test_quiz_dict_multilang.TestDictionarySearch" name="test_search_peace_returns_results" time="0.038" /><testcase classname="tests.test_quiz_dict_multilang.TestDictionarySearch" name="test_search_empty_returns_empty_list" time="0.035" /><testcase classname="tests.test_quiz_dict_multilang.TestBackwardCompatibility" name="test_dictionary_no_lang_defaults_to_italian" time="0.033" /><testcase classname="tests.test_quiz_dict_multilang.TestBackwardCompatibility" name="test_quiz_topics_no_lang_defaults_to_italian" time="0.036" /><testcase classname="tests.test_quiz_dict_multilang.TestBibleApiRegression" name="test_german_books_returns_german_names" time="0.037" /><testcase classname="tests.test_quiz_dict_multilang.TestBibleApiRegression" name="test_german_genesis_chapter_returns_german_text" time="0.038" /></testsuite></testsuites>