<?xml version="1.0" encoding="utf-8"?><testsuites name="pytest tests"><testsuite name="pytest" errors="0" failures="0" skipped="0" tests="12" time="54.583" timestamp="2026-02-18T19:04:24.543030+00:00" hostname="agent-env-cfa44b93-a187-4da2-9cc3-d1c82af1fbb5"><testcase classname="backend.tests.test_iteration_29.TestMoodCheckinAPI" name="test_mood_checkin_returns_verse" time="4.565" /><testcase classname="backend.tests.test_iteration_29.TestMoodCheckinAPI" name="test_mood_checkin_consecutive_calls_different_verses" time="19.677" /><testcase classname="backend.tests.test_iteration_29.TestMoodCheckinAPI" name="test_mood_checkin_anxious_mood" time="23.529" /><testcase classname="backend.tests.test_iteration_29.TestMoodCheckinAPI" name="test_mood_checkin_english_language" time="2.624" /><testcase classname="backend.tests.test_iteration_29.TestMoodCheckinAPI" name="test_mood_checkin_spanish_language" time="3.278" /><testcase classname="backend.tests.test_iteration_29.TestMyContentEndpoint" name="test_get_user_bookmarks" time="0.272" /><testcase classname="backend.tests.test_iteration_29.TestMyContentEndpoint" name="test_create_bookmark" time="0.060" /><testcase classname="backend.tests.test_iteration_29.TestMyContentEndpoint" name="test_get_study_data_includes_bookmarks" time="0.082" /><testcase classname="backend.tests.test_iteration_29.TestMyContentEndpoint" name="test_delete_bookmark_cleanup" time="0.060" /><testcase classname="backend.tests.test_iteration_29.TestBibleToolbarEndpoints" name="test_bible_editions_endpoint" time="0.172" /><testcase classname="backend.tests.test_iteration_29.TestBibleToolbarEndpoints" name="test_bible_books_endpoint" time="0.074" /><testcase classname="backend.tests.test_iteration_29.TestBibleToolbarEndpoints" name="test_languages_endpoint" time="0.119" /></testsuite></testsuites>