<?xml version="1.0" encoding="utf-8"?><testsuites name="pytest tests"><testsuite name="pytest" errors="0" failures="0" skipped="0" tests="10" time="16.695" timestamp="2026-02-20T11:12:37.514122+00:00" hostname="agent-env-a9aacc72-d2dd-476e-81c9-6a04ff22c633"><testcase classname="backend.tests.test_advanced_quiz.TestAdvancedSubcategoriesAPI" name="test_get_advanced_subcategories_returns_6_categories" time="0.191" /><testcase classname="backend.tests.test_advanced_quiz.TestAdvancedSubcategoriesAPI" name="test_advanced_subcategory_ids_start_with_adv_prefix" time="0.057" /><testcase classname="backend.tests.test_advanced_quiz.TestAdvancedSubcategoriesAPI" name="test_get_individual_subcategory_quiz" time="0.330" /><testcase classname="backend.tests.test_advanced_quiz.TestAdvancedSubcategoriesAPI" name="test_invalid_subcategory_returns_404" time="0.053" /><testcase classname="backend.tests.test_advanced_quiz.TestAdvancedQuizSubmission" name="test_submit_advanced_quiz_requires_auth" time="0.056" /><testcase classname="backend.tests.test_advanced_quiz.TestAdvancedQuizSubmission" name="test_submit_advanced_quiz_with_auth" time="1.735" /><testcase classname="backend.tests.test_advanced_quiz.TestAdvancedQuizSubmission" name="test_submit_different_advanced_subcategories" time="13.887" /><testcase classname="backend.tests.test_advanced_quiz.TestQuizTopicsIntegration" name="test_get_quiz_topics" time="0.059" /><testcase classname="backend.tests.test_advanced_quiz.TestQuizTopicsIntegration" name="test_get_quiz_categories" time="0.059" /><testcase classname="backend.tests.test_advanced_quiz.TestLanguageSupport" name="test_advanced_subcategories_in_different_languages" time="0.160" /></testsuite></testsuites>