<?xml version="1.0" encoding="utf-8"?><testsuites name="pytest tests"><testsuite name="pytest" errors="0" failures="0" skipped="0" tests="15" time="45.942" timestamp="2026-02-18T08:53:01.621303+00:00" hostname="agent-env-cfa44b93-a187-4da2-9cc3-d1c82af1fbb5"><testcase classname="backend.tests.test_p0_features.TestP0Features" name="test_mood_checkin_italian" time="3.956" /><testcase classname="backend.tests.test_p0_features.TestP0Features" name="test_mood_checkin_english" time="2.126" /><testcase classname="backend.tests.test_p0_features.TestP0Features" name="test_mood_checkin_spanish" time="5.104" /><testcase classname="backend.tests.test_p0_features.TestP0Features" name="test_mood_checkin_different_moods" time="25.639" /><testcase classname="backend.tests.test_p0_features.TestP0Features" name="test_mood_checkin_daily_rotation" time="7.181" /><testcase classname="backend.tests.test_p0_features.TestP0Features" name="test_daily_verse_italian" time="0.205" /><testcase classname="backend.tests.test_p0_features.TestP0Features" name="test_daily_verse_english" time="0.169" /><testcase classname="backend.tests.test_p0_features.TestP0Features" name="test_daily_verse_spanish" time="0.168" /><testcase classname="backend.tests.test_p0_features.TestP0Features" name="test_daily_verse_rotation" time="0.238" /><testcase classname="backend.tests.test_p0_features.TestP0Features" name="test_dictionary_returns_terms" time="0.183" /><testcase classname="backend.tests.test_p0_features.TestP0Features" name="test_dictionary_has_108_terms" time="0.153" /><testcase classname="backend.tests.test_p0_features.TestP0Features" name="test_dictionary_alphabetical_order" time="0.171" /><testcase classname="backend.tests.test_p0_features.TestP0Features" name="test_dictionary_with_language_parameter" time="0.256" /><testcase classname="backend.tests.test_p0_features.TestP0Features" name="test_dictionary_term_origins" time="0.151" /><testcase classname="backend.tests.test_p0_features.TestP0Features" name="test_dictionary_search" time="0.161" /></testsuite></testsuites>