<?xml version="1.0" encoding="utf-8"?><testsuites name="pytest tests"><testsuite name="pytest" errors="0" failures="0" skipped="0" tests="30" time="4.291" timestamp="2026-02-13T09:45:42.894810+00:00" hostname="agent-env-fdd9931b-6874-402c-b672-d41e77e73e15"><testcase classname="backend.tests.test_favorites_flashcards.TestDictionaryFavorites" name="test_get_favorites_empty_or_list" time="0.276" /><testcase classname="backend.tests.test_favorites_flashcards.TestDictionaryFavorites" name="test_add_favorite" time="0.159" /><testcase classname="backend.tests.test_favorites_flashcards.TestDictionaryFavorites" name="test_check_favorite_exists" time="0.053" /><testcase classname="backend.tests.test_favorites_flashcards.TestDictionaryFavorites" name="test_get_favorites_contains_added" time="0.083" /><testcase classname="backend.tests.test_favorites_flashcards.TestDictionaryFavorites" name="test_add_duplicate_favorite" time="0.069" /><testcase classname="backend.tests.test_favorites_flashcards.TestDictionaryFavorites" name="test_remove_favorite" time="0.136" /><testcase classname="backend.tests.test_favorites_flashcards.TestDictionaryFavorites" name="test_check_favorite_removed" time="0.156" /><testcase classname="backend.tests.test_favorites_flashcards.TestDictionaryFavorites" name="test_remove_nonexistent_favorite" time="0.099" /><testcase classname="backend.tests.test_favorites_flashcards.TestDictionaryFavorites" name="test_favorites_unauthenticated" time="0.146" /><testcase classname="backend.tests.test_favorites_flashcards.TestDictionaryFlashcards" name="test_get_flashcards_list" time="0.206" /><testcase classname="backend.tests.test_favorites_flashcards.TestDictionaryFlashcards" name="test_create_flashcard" time="0.154" /><testcase classname="backend.tests.test_favorites_flashcards.TestDictionaryFlashcards" name="test_get_flashcards_contains_created" time="0.053" /><testcase classname="backend.tests.test_favorites_flashcards.TestDictionaryFlashcards" name="test_get_due_flashcards" time="0.087" /><testcase classname="backend.tests.test_favorites_flashcards.TestDictionaryFlashcards" name="test_get_flashcard_stats" time="0.099" /><testcase classname="backend.tests.test_favorites_flashcards.TestDictionaryFlashcards" name="test_review_flashcard_quality_0" time="0.053" /><testcase classname="backend.tests.test_favorites_flashcards.TestDictionaryFlashcards" name="test_review_flashcard_quality_3" time="0.133" /><testcase classname="backend.tests.test_favorites_flashcards.TestDictionaryFlashcards" name="test_review_flashcard_quality_5" time="0.173" /><testcase classname="backend.tests.test_favorites_flashcards.TestDictionaryFlashcards" name="test_review_nonexistent_flashcard" time="0.054" /><testcase classname="backend.tests.test_favorites_flashcards.TestDictionaryFlashcards" name="test_create_duplicate_flashcard" time="0.062" /><testcase classname="backend.tests.test_favorites_flashcards.TestDictionaryFlashcards" name="test_delete_flashcard" time="0.084" /><testcase classname="backend.tests.test_favorites_flashcards.TestDictionaryFlashcards" name="test_verify_flashcard_deleted" time="0.063" /><testcase classname="backend.tests.test_favorites_flashcards.TestDictionaryFlashcards" name="test_flashcards_unauthenticated" time="0.230" /><testcase classname="backend.tests.test_favorites_flashcards.TestSpacedRepetitionAlgorithm" name="test_create_test_flashcard" time="0.330" /><testcase classname="backend.tests.test_favorites_flashcards.TestSpacedRepetitionAlgorithm" name="test_initial_mastery_level" time="0.053" /><testcase classname="backend.tests.test_favorites_flashcards.TestSpacedRepetitionAlgorithm" name="test_mastery_increases_with_good_reviews" time="0.111" /><testcase classname="backend.tests.test_favorites_flashcards.TestSpacedRepetitionAlgorithm" name="test_mastery_resets_with_bad_review" time="0.055" /><testcase classname="backend.tests.test_favorites_flashcards.TestSpacedRepetitionAlgorithm" name="test_cleanup_test_flashcard" time="0.059" /><testcase classname="backend.tests.test_favorites_flashcards.TestMultiLanguageSupport" name="test_favorites_italian" time="0.391" /><testcase classname="backend.tests.test_favorites_flashcards.TestMultiLanguageSupport" name="test_favorites_english" time="0.231" /><testcase classname="backend.tests.test_favorites_flashcards.TestMultiLanguageSupport" name="test_flashcards_multilang" time="0.228" /></testsuite></testsuites>