<?xml version="1.0" encoding="utf-8"?><testsuites name="pytest tests"><testsuite name="pytest" errors="0" failures="0" skipped="0" tests="12" time="63.382" timestamp="2026-02-18T10:51:01.907875+00:00" hostname="agent-env-cfa44b93-a187-4da2-9cc3-d1c82af1fbb5"><testcase classname="backend.tests.test_mood_reading_features.TestMoodCheckinAPI" name="test_mood_checkin_returns_200" time="4.417" /><testcase classname="backend.tests.test_mood_reading_features.TestMoodCheckinAPI" name="test_mood_checkin_verse_structure" time="3.796" /><testcase classname="backend.tests.test_mood_reading_features.TestMoodCheckinAPI" name="test_mood_checkin_different_verses_on_multiple_calls" time="22.183" /><testcase classname="backend.tests.test_mood_reading_features.TestMoodCheckinAPI" name="test_mood_checkin_reflection_changes" time="12.169" /><testcase classname="backend.tests.test_mood_reading_features.TestMoodCheckinAPI" name="test_mood_checkin_english_mood_mapping" time="19.839" /><testcase classname="backend.tests.test_mood_reading_features.TestReadingHistoryAPI" name="test_reading_history_returns_200" time="0.151" /><testcase classname="backend.tests.test_mood_reading_features.TestReadingHistoryAPI" name="test_reading_history_structure" time="0.105" /><testcase classname="backend.tests.test_mood_reading_features.TestReadingHistoryAPI" name="test_reading_history_item_fields" time="0.103" /><testcase classname="backend.tests.test_mood_reading_features.TestProgressAPI" name="test_progress_returns_200" time="0.108" /><testcase classname="backend.tests.test_mood_reading_features.TestProgressAPI" name="test_progress_structure" time="0.108" /><testcase classname="backend.tests.test_mood_reading_features.TestSaveChapterReading" name="test_save_chapter_reading" time="0.110" /><testcase classname="backend.tests.test_mood_reading_features.TestSaveChapterReading" name="test_verify_saved_in_history" time="0.220" /></testsuite></testsuites>