<?xml version="1.0" encoding="utf-8"?><testsuites name="pytest tests"><testsuite name="pytest" errors="0" failures="1" skipped="0" tests="11" time="2.697" timestamp="2026-02-16T16:43:38.359335+00:00" hostname="agent-env-034bf1e8-cfca-4411-9219-ccecf0d13adf"><testcase classname="backend.tests.test_password_reset.TestForgotPasswordEndpoint" name="test_forgot_password_with_registered_email" time="0.543"><failure message="requests.exceptions.JSONDecodeError: Expecting value: line 1 column 1 (char 0)">/root/.venv/lib/python3.11/site-packages/requests/models.py:976: in json
    return complexjson.loads(self.text, **kwargs)
           ^^^^^^^^^^^^^^^^^^^^^^^^^^^^^^^^^^^^^^
/usr/local/lib/python3.11/json/__init__.py:346: in loads
    return _default_decoder.decode(s)
           ^^^^^^^^^^^^^^^^^^^^^^^^^^
/usr/local/lib/python3.11/json/decoder.py:337: in decode
    obj, end = self.raw_decode(s, idx=_w(s, 0).end())
               ^^^^^^^^^^^^^^^^^^^^^^^^^^^^^^^^^^^^^^
/usr/local/lib/python3.11/json/decoder.py:355: in raw_decode
    raise JSONDecodeError("Expecting value", s, err.value) from None
E   json.decoder.JSONDecodeError: Expecting value: line 1 column 1 (char 0)

During handling of the above exception, another exception occurred:
backend/tests/test_password_reset.py:49: in test_forgot_password_with_registered_email
    data = response.json()
           ^^^^^^^^^^^^^^^
/root/.venv/lib/python3.11/site-packages/requests/models.py:980: in json
    raise RequestsJSONDecodeError(e.msg, e.doc, e.pos)
E   requests.exceptions.JSONDecodeError: Expecting value: line 1 column 1 (char 0)</failure></testcase><testcase classname="backend.tests.test_password_reset.TestForgotPasswordEndpoint" name="test_forgot_password_unregistered_email_returns_success" time="0.189" /><testcase classname="backend.tests.test_password_reset.TestForgotPasswordEndpoint" name="test_forgot_password_empty_email" time="0.205" /><testcase classname="backend.tests.test_password_reset.TestResetPasswordEndpoint" name="test_reset_password_with_invalid_code" time="0.180" /><testcase classname="backend.tests.test_password_reset.TestResetPasswordEndpoint" name="test_reset_password_with_valid_code" time="0.259" /><testcase classname="backend.tests.test_password_reset.TestResetPasswordEndpoint" name="test_reset_password_used_code_rejected" time="0.135" /><testcase classname="backend.tests.test_password_reset.TestResetPasswordEndpoint" name="test_reset_password_expired_code_rejected" time="0.225" /><testcase classname="backend.tests.test_password_reset.TestAuthMeEndpoint" name="test_auth_me_with_valid_session" time="0.405" /><testcase classname="backend.tests.test_password_reset.TestAuthMeEndpoint" name="test_auth_me_without_session" time="0.129" /><testcase classname="backend.tests.test_password_reset.TestLoginRegression" name="test_login_with_valid_credentials" time="0.115" /><testcase classname="backend.tests.test_password_reset.TestLoginRegression" name="test_login_with_invalid_credentials" time="0.126" /></testsuite></testsuites>