<?xml version="1.0" encoding="utf-8"?><testsuites name="pytest tests"><testsuite name="pytest" errors="0" failures="0" skipped="0" tests="12" time="47.701" timestamp="2026-02-18T09:53:37.732287+00:00" hostname="agent-env-cfa44b93-a187-4da2-9cc3-d1c82af1fbb5"><testcase classname="tests.test_iteration_24.TestMoodCheckinRandomVerses" name="test_mood_checkin_returns_different_verses" time="24.673" /><testcase classname="tests.test_iteration_24.TestMoodCheckinRandomVerses" name="test_mood_checkin_happy_mood" time="4.299" /><testcase classname="tests.test_iteration_24.TestMoodCheckinRandomVerses" name="test_mood_checkin_sad_mood" time="2.772" /><testcase classname="tests.test_iteration_24.TestMoodCheckinRandomVerses" name="test_mood_checkin_multilingual" time="14.187" /><testcase classname="tests.test_iteration_24.TestDailyVerseAPI" name="test_daily_verse_italian" time="0.134" /><testcase classname="tests.test_iteration_24.TestDailyVerseAPI" name="test_daily_verse_english" time="0.116" /><testcase classname="tests.test_iteration_24.TestDailyVerseAPI" name="test_daily_verse_spanish" time="0.113" /><testcase classname="tests.test_iteration_24.TestBookmarksAPI" name="test_get_bookmarks" time="0.108" /><testcase classname="tests.test_iteration_24.TestBookmarksAPI" name="test_create_and_delete_bookmark" time="0.465" /><testcase classname="tests.test_iteration_24.TestStudyNotesAPI" name="test_get_all_study_notes" time="0.099" /><testcase classname="tests.test_iteration_24.TestStudyNotesAPI" name="test_create_and_delete_study_note" time="0.442" /><testcase classname="tests.test_iteration_24.TestMyContentIntegration" name="test_all_content_types_accessible" time="0.225" /></testsuite></testsuites>