<?xml version="1.0" encoding="utf-8"?><testsuites name="pytest tests"><testsuite name="pytest" errors="0" failures="0" skipped="0" tests="13" time="8.257" timestamp="2026-02-20T13:28:23.411653+00:00" hostname="agent-env-a9aacc72-d2dd-476e-81c9-6a04ff22c633"><testcase classname="backend.tests.test_advanced_translations.TestAdvancedQuizItalian" name="test_critica_testuale_italian" time="0.294" /><testcase classname="backend.tests.test_advanced_translations.TestAdvancedQuizItalian" name="test_all_subcategories_return_8_questions_italian" time="0.827" /><testcase classname="backend.tests.test_advanced_translations.TestAdvancedQuizEnglish" name="test_critica_testuale_english" time="0.117" /><testcase classname="backend.tests.test_advanced_translations.TestAdvancedQuizEnglish" name="test_esegesi_english" time="0.181" /><testcase classname="backend.tests.test_advanced_translations.TestAdvancedQuizSpanish" name="test_critica_testuale_spanish" time="0.122" /><testcase classname="backend.tests.test_advanced_translations.TestAdvancedQuizSpanish" name="test_lingue_bibliche_spanish" time="0.124" /><testcase classname="backend.tests.test_advanced_translations.TestAdvancedQuizGerman" name="test_critica_testuale_german" time="0.144" /><testcase classname="backend.tests.test_advanced_translations.TestAdvancedQuizGerman" name="test_teologia_nt_german" time="0.127" /><testcase classname="backend.tests.test_advanced_translations.TestAdvancedQuizFrench" name="test_critica_testuale_french" time="0.129" /><testcase classname="backend.tests.test_advanced_translations.TestAdvancedQuizPortuguese" name="test_critica_testuale_portuguese" time="0.102" /><testcase classname="backend.tests.test_advanced_translations.TestAllSubcategoriesAllLanguages" name="test_all_translations_exist" time="3.755" /><testcase classname="backend.tests.test_advanced_translations.TestQuizSubmitAdvanced" name="test_submit_quiz_requires_auth" time="0.117" /><testcase classname="backend.tests.test_advanced_translations.TestQuizSubmitAdvanced" name="test_submit_advanced_quiz" time="2.131" /></testsuite></testsuites>