<?xml version="1.0" encoding="utf-8"?><testsuites name="pytest tests"><testsuite name="pytest" errors="0" failures="0" skipped="0" tests="17" time="3.717" timestamp="2026-02-14T20:37:01.122251+00:00" hostname="agent-env-dc52c613-6238-4b0a-a2eb-fdf158e5924a"><testcase classname="tests.test_iteration_11.TestAuthentication" name="test_login_success" time="0.193" /><testcase classname="tests.test_iteration_11.TestQuizPerformance" name="test_quiz_topics_load_speed" time="0.308" /><testcase classname="tests.test_iteration_11.TestQuizPerformance" name="test_quiz_categories_load_speed" time="0.095" /><testcase classname="tests.test_iteration_11.TestQuizPerformance" name="test_quiz_parallel_load_simulation" time="0.155" /><testcase classname="tests.test_iteration_11.TestQuizPerformance" name="test_quiz_category_start" time="0.958" /><testcase classname="tests.test_iteration_11.TestTTSLanguages" name="test_tts_languages_available" time="0.165" /><testcase classname="tests.test_iteration_11.TestTTSLanguages" name="test_bible_chapter_for_tts" time="0.265" /><testcase classname="tests.test_iteration_11.TestReadingHistory" name="test_save_chapter_reading" time="0.322" /><testcase classname="tests.test_iteration_11.TestReadingHistory" name="test_get_reading_history" time="0.074" /><testcase classname="tests.test_iteration_11.TestReadingHistory" name="test_reading_history_updates_count" time="0.245" /><testcase classname="tests.test_iteration_11.TestReadingHistory" name="test_reading_history_sorted_by_last_read" time="0.137" /><testcase classname="tests.test_iteration_11.TestProgressEndpoints" name="test_get_progress" time="0.183" /><testcase classname="tests.test_iteration_11.TestProgressEndpoints" name="test_update_reading_progress" time="0.068" /><testcase classname="tests.test_iteration_11.TestAppFluidity" name="test_languages_endpoint_speed" time="0.120" /><testcase classname="tests.test_iteration_11.TestAppFluidity" name="test_bible_books_speed" time="0.116" /><testcase classname="tests.test_iteration_11.TestAppFluidity" name="test_bible_chapter_speed" time="0.117" /><testcase classname="tests.test_iteration_11.TestAppFluidity" name="test_bible_editions_speed" time="0.107" /></testsuite></testsuites>