<?xml version="1.0" encoding="utf-8"?><testsuites name="pytest tests"><testsuite name="pytest" errors="0" failures="2" skipped="0" tests="10" time="28.087" timestamp="2026-02-18T10:06:41.142495+00:00" hostname="agent-env-cfa44b93-a187-4da2-9cc3-d1c82af1fbb5"><testcase classname="backend.tests.test_friends_api.TestFriendsAPI" name="test_get_friends_list" time="0.339" /><testcase classname="backend.tests.test_friends_api.TestFriendsAPI" name="test_get_friends_unauthenticated" time="0.057"><failure message="AssertionError: Expected 401, got 200&#10;assert 200 == 401&#10; +  where 200 = &lt;Response [200]&gt;.status_code">backend/tests/test_friends_api.py:72: in test_get_friends_unauthenticated
    assert response.status_code == 401, f"Expected 401, got {response.status_code}"
E   AssertionError: Expected 401, got 200
E   assert 200 == 401
E    +  where 200 = &lt;Response [200]&gt;.status_code</failure></testcase><testcase classname="backend.tests.test_friends_api.TestFriendsAPI" name="test_check_friendship_nonexistent" time="0.052" /><testcase classname="backend.tests.test_friends_api.TestFriendsAPI" name="test_add_friend_self" time="0.111" /><testcase classname="backend.tests.test_friends_api.TestFriendsAPI" name="test_add_nonexistent_friend" time="0.056" /><testcase classname="backend.tests.test_friends_api.TestFriendsAPI" name="test_remove_nonexistent_friend" time="0.052" /><testcase classname="backend.tests.test_friends_api.TestCommunityUsersAPI" name="test_get_community_users" time="0.057" /><testcase classname="backend.tests.test_friends_api.TestMoodCheckinDynamicVerses" name="test_mood_checkin_returns_verse" time="4.473"><failure message="AssertionError: Response should have verse_reference&#10;assert 'verse_reference' in {'language': 'it', 'mood': 'ansioso', 'reflection': 'Caro amico, nel momento in cui l’ansia sembra sopraffarti, ricorda che non sei solo. Il versetto di Isaia 41:10 ci offre un potente promemoria della presenza costante e amorevole di Dio nella nostra vita. &quot;Non temere, perché io sono con te&quot; è un invito a trovare conforto nell\'abbraccio divino, una promessa che Dio cammina con te, mano nella mano, nei momenti di difficoltà. La Sua presenza è la tua forza, e Lui è il tuo rifugio. Quando senti che il mondo si fa pesante, affidati a questa rassicurante certezza: la tua vita è avvolta dalla cura e dalla protezione del tuo Creatore. Trova pace in questo amore infinito, perché esso non conosce confini e ti sostiene sempre.', 'verse': {'ref': 'Isaia 41:10', 'text': 'Non temere, perché io sono con te; non smarrirti, perché io sono il tuo Dio.'}}">backend/tests/test_friends_api.py:163: in test_mood_checkin_returns_verse
    assert "verse_reference" in data, "Response should have verse_reference"
E   AssertionError: Response should have verse_reference
E   assert 'verse_reference' in {'language': 'it', 'mood': 'ansioso', 'reflection': 'Caro amico, nel momento in cui l’ansia sembra sopraffarti, ricorda che non sei solo. Il versetto di Isaia 41:10 ci offre un potente promemoria della presenza costante e amorevole di Dio nella nostra vita. "Non temere, perché io sono con te" è un invito a trovare conforto nell\'abbraccio divino, una promessa che Dio cammina con te, mano nella mano, nei momenti di difficoltà. La Sua presenza è la tua forza, e Lui è il tuo rifugio. Quando senti che il mondo si fa pesante, affidati a questa rassicurante certezza: la tua vita è avvolta dalla cura e dalla protezione del tuo Creatore. Trova pace in questo amore infinito, perché esso non conosce confini e ti sostiene sempre.', 'verse': {'ref': 'Isaia 41:10', 'text': 'Non temere, perché io sono con te; non smarrirti, perché io sono il tuo Dio.'}}</failure></testcase><testcase classname="backend.tests.test_friends_api.TestMoodCheckinDynamicVerses" name="test_mood_checkin_dynamic_verses" time="22.276" /><testcase classname="backend.tests.test_friends_api.TestFriendsFullCRUD" name="test_friends_full_flow" time="0.515" /></testsuite></testsuites>