<?xml version="1.0" encoding="utf-8"?><testsuites name="pytest tests"><testsuite name="pytest" errors="0" failures="0" skipped="0" tests="10" time="2.932" timestamp="2026-02-16T17:28:01.909543+00:00" hostname="agent-env-034bf1e8-cfca-4411-9219-ccecf0d13adf"><testcase classname="backend.tests.test_community_chat.TestCommunityAndChatAPIs" name="test_heartbeat_marks_user_online" time="0.552" /><testcase classname="backend.tests.test_community_chat.TestCommunityAndChatAPIs" name="test_heartbeat_requires_auth" time="0.198" /><testcase classname="backend.tests.test_community_chat.TestCommunityAndChatAPIs" name="test_get_online_users_returns_list" time="0.350" /><testcase classname="backend.tests.test_community_chat.TestCommunityAndChatAPIs" name="test_community_users_returns_all_users" time="0.181" /><testcase classname="backend.tests.test_community_chat.TestCommunityAndChatAPIs" name="test_community_users_search" time="0.285" /><testcase classname="backend.tests.test_community_chat.TestCommunityAndChatAPIs" name="test_send_private_message" time="0.224" /><testcase classname="backend.tests.test_community_chat.TestCommunityAndChatAPIs" name="test_send_message_to_nonexistent_user" time="0.220" /><testcase classname="backend.tests.test_community_chat.TestCommunityAndChatAPIs" name="test_get_conversations" time="0.195" /><testcase classname="backend.tests.test_community_chat.TestCommunityAndChatAPIs" name="test_get_private_messages_with_user" time="0.354" /><testcase classname="backend.tests.test_community_chat.TestUserDataIntegrity" name="test_database_has_multiple_users" time="0.297" /></testsuite></testsuites>