<?xml version="1.0" encoding="utf-8"?><testsuites name="pytest tests"><testsuite name="pytest" errors="0" failures="0" skipped="0" tests="9" time="0.910" timestamp="2026-02-12T23:19:24.822460+00:00" hostname="agent-env-8ee6c3f6-79f7-4bea-9148-aead109472f0"><testcase classname="backend.tests.test_auth_registration.TestUserRegistration" name="test_register_new_user_success" time="0.103" /><testcase classname="backend.tests.test_auth_registration.TestUserRegistration" name="test_register_duplicate_email_fails" time="0.087" /><testcase classname="backend.tests.test_auth_registration.TestUserRegistration" name="test_register_missing_fields_fails" time="0.115" /><testcase classname="backend.tests.test_auth_registration.TestLogin" name="test_login_success" time="0.083" /><testcase classname="backend.tests.test_auth_registration.TestLogin" name="test_login_invalid_credentials" time="0.038" /><testcase classname="backend.tests.test_auth_registration.TestLogout" name="test_logout_success" time="0.116" /><testcase classname="backend.tests.test_auth_registration.TestDeleteAccount" name="test_delete_account_success" time="0.119" /><testcase classname="backend.tests.test_auth_registration.TestDeleteAccount" name="test_delete_account_requires_auth" time="0.038" /><testcase classname="backend.tests.test_auth_registration.TestAuthWithTestCredentials" name="test_login_with_test_credentials" time="0.042" /></testsuite></testsuites>