<?xml version="1.0" encoding="utf-8"?><testsuites name="pytest tests"><testsuite name="pytest" errors="0" failures="0" skipped="0" tests="9" time="1.831" timestamp="2026-03-30T12:03:11.127589+00:00" hostname="agent-env-faadc13c-2f71-4192-8280-f7cdeaa530a6"><testcase classname="backend.tests.test_daily_verse.TestDailyVerseAPI" name="test_daily_verse_italian" time="0.265" /><testcase classname="backend.tests.test_daily_verse.TestDailyVerseAPI" name="test_daily_verse_spanish" time="0.106" /><testcase classname="backend.tests.test_daily_verse.TestDailyVerseAPI" name="test_daily_verse_english" time="0.117" /><testcase classname="backend.tests.test_daily_verse.TestDailyVerseAPI" name="test_same_reference_all_languages" time="0.476" /><testcase classname="backend.tests.test_daily_verse.TestDailyVerseAPI" name="test_day_of_year_matches_today" time="0.100" /><testcase classname="backend.tests.test_daily_verse.TestDailyVerseAPI" name="test_default_language_is_italian" time="0.152" /><testcase classname="backend.tests.test_daily_verse.TestDailyVerseAPI" name="test_unsupported_language_fallback" time="0.108" /><testcase classname="backend.tests.test_daily_verse.TestDailyVerseData" name="test_verse_text_not_empty" time="0.331" /><testcase classname="backend.tests.test_daily_verse.TestDailyVerseData" name="test_verse_reference_format" time="0.109" /></testsuite></testsuites>