<?xml version="1.0" encoding="utf-8"?><testsuites name="pytest tests"><testsuite name="pytest" errors="0" failures="1" skipped="0" tests="12" time="2.675" timestamp="2026-02-14T22:42:47.277629+00:00" hostname="agent-env-81b4df7a-5706-4786-b5e8-f2129ffb39c0"><testcase classname="tests.test_online_users_notifications.TestOnlineUsersFeature" name="test_heartbeat_requires_auth" time="0.217" /><testcase classname="tests.test_online_users_notifications.TestOnlineUsersFeature" name="test_heartbeat_with_valid_auth" time="0.342" /><testcase classname="tests.test_online_users_notifications.TestOnlineUsersFeature" name="test_online_users_list_no_auth_required" time="0.115" /><testcase classname="tests.test_online_users_notifications.TestOnlineUsersFeature" name="test_heartbeat_updates_presence" time="0.392" /><testcase classname="tests.test_online_users_notifications.TestCommunityMessages" name="test_get_community_messages" time="0.183"><failure message="AssertionError: Expected 200, got 401&#10;assert 401 == 200&#10; +  where 401 = &lt;Response [401]&gt;.status_code">tests/test_online_users_notifications.py:119: in test_get_community_messages
    assert response.status_code == 200, f"Expected 200, got {response.status_code}"
E   AssertionError: Expected 200, got 401
E   assert 401 == 200
E    +  where 401 = &lt;Response [401]&gt;.status_code</failure></testcase><testcase classname="tests.test_online_users_notifications.TestCommunityMessages" name="test_create_community_message_requires_auth" time="0.248" /><testcase classname="tests.test_online_users_notifications.TestCommunityMessages" name="test_create_community_message_with_auth" time="0.304" /><testcase classname="tests.test_online_users_notifications.TestQuickActionRoutes" name="test_quiz_topics_endpoint" time="0.146" /><testcase classname="tests.test_online_users_notifications.TestQuickActionRoutes" name="test_dictionary_endpoint" time="0.178" /><testcase classname="tests.test_online_users_notifications.TestQuickActionRoutes" name="test_groups_endpoint_requires_auth" time="0.166" /><testcase classname="tests.test_online_users_notifications.TestQuickActionRoutes" name="test_journal_requires_auth" time="0.154" /><testcase classname="tests.test_online_users_notifications.TestNotificationServiceBackend" name="test_daily_verse_endpoint" time="0.112" /></testsuite></testsuites>