<?xml version="1.0" encoding="utf-8"?><testsuites name="pytest tests"><testsuite name="pytest" errors="0" failures="0" skipped="0" tests="10" time="2.963" timestamp="2026-02-14T23:11:14.683053+00:00" hostname="agent-env-81b4df7a-5706-4786-b5e8-f2129ffb39c0"><testcase classname="backend.tests.test_iteration_16_progress_stats.TestProgressStatsAPI" name="test_progress_stats_requires_auth" time="0.381" /><testcase classname="backend.tests.test_iteration_16_progress_stats.TestProgressStatsAPI" name="test_progress_stats_returns_valid_structure" time="0.200" /><testcase classname="backend.tests.test_iteration_16_progress_stats.TestProgressStatsAPI" name="test_progress_stats_books_progress_structure" time="0.199" /><testcase classname="backend.tests.test_iteration_16_progress_stats.TestProgressStatsAPI" name="test_progress_stats_chapters_read_structure" time="0.176" /><testcase classname="backend.tests.test_iteration_16_progress_stats.TestBookProgressAPI" name="test_book_progress_requires_auth" time="0.337" /><testcase classname="backend.tests.test_iteration_16_progress_stats.TestBookProgressAPI" name="test_book_progress_returns_valid_structure" time="0.171" /><testcase classname="backend.tests.test_iteration_16_progress_stats.TestBookProgressAPI" name="test_book_progress_with_url_encoded_name" time="0.327" /><testcase classname="backend.tests.test_iteration_16_progress_stats.TestBookProgressAPI" name="test_book_progress_nonexistent_book" time="0.287" /><testcase classname="backend.tests.test_iteration_16_progress_stats.TestProgressWithReadingData" name="test_save_chapter_reading_and_verify_stats" time="0.385" /><testcase classname="backend.tests.test_iteration_16_progress_stats.TestProgressWithReadingData" name="test_book_progress_after_reading" time="0.430" /></testsuite></testsuites>