<?xml version="1.0" encoding="utf-8"?><testsuites name="pytest tests"><testsuite name="pytest" errors="0" failures="0" skipped="0" tests="18" time="1.535" timestamp="2026-02-12T22:54:17.178604+00:00" hostname="agent-env-8ee6c3f6-79f7-4bea-9148-aead109472f0"><testcase classname="backend.tests.test_quiz_logout_delete.TestQuizMultilingual" name="test_quiz_topics_count_per_language[it-10]" time="0.125" /><testcase classname="backend.tests.test_quiz_logout_delete.TestQuizMultilingual" name="test_quiz_topics_count_per_language[es-10]" time="0.040" /><testcase classname="backend.tests.test_quiz_logout_delete.TestQuizMultilingual" name="test_quiz_topics_count_per_language[en-10]" time="0.036" /><testcase classname="backend.tests.test_quiz_logout_delete.TestQuizMultilingual" name="test_quiz_topics_count_per_language[de-10]" time="0.039" /><testcase classname="backend.tests.test_quiz_logout_delete.TestQuizMultilingual" name="test_quiz_topics_count_per_language[fr-10]" time="0.035" /><testcase classname="backend.tests.test_quiz_logout_delete.TestQuizMultilingual" name="test_quiz_topics_count_per_language[pt-10]" time="0.036" /><testcase classname="backend.tests.test_quiz_logout_delete.TestQuizMultilingual" name="test_quiz_titles_translated_spanish" time="0.036" /><testcase classname="backend.tests.test_quiz_logout_delete.TestQuizMultilingual" name="test_quiz_titles_translated_english" time="0.042" /><testcase classname="backend.tests.test_quiz_logout_delete.TestQuizMultilingual" name="test_quiz_titles_translated_german" time="0.037" /><testcase classname="backend.tests.test_quiz_logout_delete.TestQuizMultilingual" name="test_quiz_titles_translated_french" time="0.038" /><testcase classname="backend.tests.test_quiz_logout_delete.TestQuizMultilingual" name="test_quiz_titles_translated_portuguese" time="0.037" /><testcase classname="backend.tests.test_quiz_logout_delete.TestQuizMultilingual" name="test_quiz_questions_translated_english" time="0.037" /><testcase classname="backend.tests.test_quiz_logout_delete.TestAuthEndpoints" name="test_delete_account_requires_auth" time="0.034" /><testcase classname="backend.tests.test_quiz_logout_delete.TestAuthEndpoints" name="test_login_success" time="0.122" /><testcase classname="backend.tests.test_quiz_logout_delete.TestAuthEndpoints" name="test_logout_with_token" time="0.076" /><testcase classname="backend.tests.test_quiz_logout_delete.TestAuthEndpoints" name="test_me_endpoint_with_token" time="0.075" /><testcase classname="backend.tests.test_quiz_logout_delete.TestQuizTopicDetails" name="test_all_languages_have_genesis_quiz" time="0.251" /><testcase classname="backend.tests.test_quiz_logout_delete.TestQuizTopicDetails" name="test_all_languages_have_psalms_quiz" time="0.251" /></testsuite></testsuites>