<?xml version="1.0" encoding="utf-8"?><testsuites name="pytest tests"><testsuite name="pytest" errors="0" failures="0" skipped="0" tests="11" time="2.762" timestamp="2026-02-14T22:13:00.177511+00:00" hostname="agent-env-8bccf8c0-5111-413e-98c2-e1436bb03100"><testcase classname="backend.tests.test_iteration_13.TestAuthEndpoints" name="test_health_check" time="0.257" /><testcase classname="backend.tests.test_iteration_13.TestAuthEndpoints" name="test_login_with_valid_credentials" time="0.197" /><testcase classname="backend.tests.test_iteration_13.TestAuthEndpoints" name="test_login_with_invalid_credentials" time="0.134" /><testcase classname="backend.tests.test_iteration_13.TestAuthEndpoints" name="test_get_me_without_auth" time="0.113" /><testcase classname="backend.tests.test_iteration_13.TestAuthEndpoints" name="test_get_me_with_auth" time="0.270" /><testcase classname="backend.tests.test_iteration_13.TestAuthEndpoints" name="test_logout_endpoint" time="0.263" /><testcase classname="backend.tests.test_iteration_13.TestAuthEndpoints" name="test_logout_without_auth" time="0.146" /><testcase classname="backend.tests.test_iteration_13.TestAuthEndpoints" name="test_delete_account_without_auth" time="0.103" /><testcase classname="backend.tests.test_iteration_13.TestAuthEndpoints" name="test_register_and_delete_account_flow" time="0.538" /><testcase classname="backend.tests.test_iteration_13.TestAuthEndpoints" name="test_session_token_persistence" time="0.464" /><testcase classname="backend.tests.test_iteration_13.TestRegisterValidation" name="test_register_duplicate_email" time="0.131" /></testsuite></testsuites>