<?xml version="1.0" encoding="utf-8"?><testsuites name="pytest tests"><testsuite name="pytest" errors="0" failures="0" skipped="0" tests="15" time="2.385" timestamp="2026-02-14T18:48:30.173887+00:00" hostname="agent-env-a772c30f-98d7-4177-b25f-e5e96da6e175"><testcase classname="backend.tests.test_quiz_categories.TestQuizCategoriesEndpoints" name="test_get_categories_returns_33_categories" time="0.271" /><testcase classname="backend.tests.test_quiz_categories.TestQuizCategoriesEndpoints" name="test_get_categories_total_1000_questions" time="0.129" /><testcase classname="backend.tests.test_quiz_categories.TestQuizCategoriesEndpoints" name="test_get_category_quiz_returns_30_questions" time="0.235" /><testcase classname="backend.tests.test_quiz_categories.TestQuizCategoriesEndpoints" name="test_categories_translate_titles_in_italian" time="0.106" /><testcase classname="backend.tests.test_quiz_categories.TestQuizCategoriesEndpoints" name="test_categories_translate_titles_in_english" time="0.269" /><testcase classname="backend.tests.test_quiz_categories.TestQuizCategoriesEndpoints" name="test_categories_translate_titles_in_spanish" time="0.139" /><testcase classname="backend.tests.test_quiz_categories.TestQuizCategoriesEndpoints" name="test_categories_translate_titles_in_german" time="0.182" /><testcase classname="backend.tests.test_quiz_categories.TestQuizCategoriesEndpoints" name="test_categories_translate_titles_in_french" time="0.129" /><testcase classname="backend.tests.test_quiz_categories.TestQuizCategoriesEndpoints" name="test_categories_translate_titles_in_portuguese" time="0.110" /><testcase classname="backend.tests.test_quiz_categories.TestQuizCategoriesEndpoints" name="test_get_category_by_id_success" time="0.113" /><testcase classname="backend.tests.test_quiz_categories.TestQuizCategoriesEndpoints" name="test_get_category_invalid_id_returns_404" time="0.108" /><testcase classname="backend.tests.test_quiz_categories.TestQuizCategoriesEndpoints" name="test_classic_quiz_topics_still_work" time="0.103" /><testcase classname="backend.tests.test_quiz_categories.TestQuizCategoryQuestions" name="test_question_has_explanation" time="0.138" /><testcase classname="backend.tests.test_quiz_categories.TestQuizCategoryQuestions" name="test_question_options_are_strings" time="0.113" /><testcase classname="backend.tests.test_quiz_categories.TestQuizCategoryQuestions" name="test_correct_answer_in_range" time="0.115" /></testsuite></testsuites>