<?xml version="1.0" encoding="utf-8"?><testsuites name="pytest tests"><testsuite name="pytest" errors="0" failures="0" skipped="0" tests="10" time="1.852" timestamp="2026-02-15T18:07:32.667201+00:00" hostname="agent-env-97ac42cd-6b06-466e-b46d-86376a83bad5"><testcase classname="tests.test_iteration_14.TestHealthAndBasics" name="test_api_health" time="0.304" /><testcase classname="tests.test_iteration_14.TestAuthentication" name="test_login_valid_credentials" time="0.140" /><testcase classname="tests.test_iteration_14.TestAuthentication" name="test_login_invalid_credentials" time="0.129" /><testcase classname="tests.test_iteration_14.TestDonationsConfig" name="test_donations_config_endpoint" time="0.117" /><testcase classname="tests.test_iteration_14.TestQuizCategories" name="test_quiz_categories_isaia_exists" time="0.103" /><testcase classname="tests.test_iteration_14.TestQuizCategories" name="test_quiz_isaia_questions_not_proto_short" time="0.117" /><testcase classname="tests.test_iteration_14.TestQuizCategories" name="test_quiz_isaia_proto_questions_complete" time="0.119" /><testcase classname="tests.test_iteration_14.TestAuthLogoutDeleteAccount" name="test_logout_endpoint" time="0.419" /><testcase classname="tests.test_iteration_14.TestAuthLogoutDeleteAccount" name="test_delete_account_unauthorized" time="0.117" /><testcase classname="tests.test_iteration_14.TestAuthLogoutDeleteAccount" name="test_get_me_with_auth" time="0.223" /></testsuite></testsuites>