<?xml version="1.0" encoding="utf-8"?><testsuites name="pytest tests"><testsuite name="pytest" errors="0" failures="0" skipped="0" tests="13" time="9.071" timestamp="2026-02-14T20:22:35.345408+00:00" hostname="agent-env-dc52c613-6238-4b0a-a2eb-fdf158e5924a"><testcase classname="tests.test_quiz_translation_submit.TestQuizCategories" name="test_get_categories_italian" time="0.188" /><testcase classname="tests.test_quiz_translation_submit.TestQuizCategories" name="test_get_categories_english" time="0.125" /><testcase classname="tests.test_quiz_translation_submit.TestQuizCategories" name="test_get_categories_spanish" time="0.124" /><testcase classname="tests.test_quiz_translation_submit.TestQuizCategories" name="test_get_categories_german" time="0.111" /><testcase classname="tests.test_quiz_translation_submit.TestQuizCategories" name="test_get_categories_french" time="0.103" /><testcase classname="tests.test_quiz_translation_submit.TestQuizCategories" name="test_get_categories_portuguese" time="0.107" /><testcase classname="tests.test_quiz_translation_submit.TestQuizCategoryQuestions" name="test_get_category_quiz_italian" time="0.137" /><testcase classname="tests.test_quiz_translation_submit.TestQuizCategoryQuestions" name="test_get_category_quiz_english_translation" time="0.103" /><testcase classname="tests.test_quiz_translation_submit.TestQuizCategoryQuestions" name="test_invalid_category" time="0.123" /><testcase classname="tests.test_quiz_translation_submit.TestQuizSubmit" name="test_submit_quiz_returns_statistics" time="2.568" /><testcase classname="tests.test_quiz_translation_submit.TestQuizSubmit" name="test_submit_quiz_results_structure" time="2.946" /><testcase classname="tests.test_quiz_translation_submit.TestQuizSubmit" name="test_submit_quiz_feedback_language" time="2.256" /><testcase classname="tests.test_quiz_translation_submit.TestQuizTopics" name="test_get_topics_italian" time="0.119" /></testsuite></testsuites>