<?xml version="1.0" encoding="utf-8"?><testsuites name="pytest tests"><testsuite name="pytest" errors="0" failures="0" skipped="0" tests="10" time="24.523" timestamp="2026-02-18T10:07:38.736571+00:00" hostname="agent-env-cfa44b93-a187-4da2-9cc3-d1c82af1fbb5"><testcase classname="backend.tests.test_friends_api.TestFriendsAPI" name="test_get_friends_list" time="0.225" /><testcase classname="backend.tests.test_friends_api.TestFriendsAPI" name="test_get_friends_unauthenticated" time="0.120" /><testcase classname="backend.tests.test_friends_api.TestFriendsAPI" name="test_check_friendship_nonexistent" time="0.050" /><testcase classname="backend.tests.test_friends_api.TestFriendsAPI" name="test_add_friend_self" time="0.099" /><testcase classname="backend.tests.test_friends_api.TestFriendsAPI" name="test_add_nonexistent_friend" time="0.049" /><testcase classname="backend.tests.test_friends_api.TestFriendsAPI" name="test_remove_nonexistent_friend" time="0.054" /><testcase classname="backend.tests.test_friends_api.TestCommunityUsersAPI" name="test_get_community_users" time="0.052" /><testcase classname="backend.tests.test_friends_api.TestMoodCheckinDynamicVerses" name="test_mood_checkin_returns_verse" time="4.475" /><testcase classname="backend.tests.test_friends_api.TestMoodCheckinDynamicVerses" name="test_mood_checkin_dynamic_verses" time="18.844" /><testcase classname="backend.tests.test_friends_api.TestFriendsFullCRUD" name="test_friends_full_flow" time="0.487" /></testsuite></testsuites>