<?xml version="1.0" encoding="utf-8"?><testsuites name="pytest tests"><testsuite name="pytest" errors="0" failures="0" skipped="0" tests="11" time="2.590" timestamp="2026-02-16T13:37:34.205086+00:00" hostname="agent-env-034bf1e8-cfca-4411-9219-ccecf0d13adf"><testcase classname="backend.tests.test_mobile_auth_redirect.TestMobileAuthRedirect" name="test_mobile_redirect_with_scheme_param" time="0.344" /><testcase classname="backend.tests.test_mobile_auth_redirect.TestMobileAuthRedirect" name="test_mobile_redirect_custom_scheme" time="0.383" /><testcase classname="backend.tests.test_mobile_auth_redirect.TestMobileAuthRedirect" name="test_mobile_redirect_default_scheme" time="0.140" /><testcase classname="backend.tests.test_mobile_auth_redirect.TestMobileAuthRedirect" name="test_mobile_redirect_html_structure" time="0.215" /><testcase classname="backend.tests.test_mobile_auth_redirect.TestMobileAuthRedirect" name="test_mobile_redirect_session_not_found_message" time="0.180" /><testcase classname="backend.tests.test_mobile_auth_redirect.TestAuthLogin" name="test_login_with_valid_credentials" time="0.128" /><testcase classname="backend.tests.test_mobile_auth_redirect.TestAuthLogin" name="test_login_with_invalid_credentials" time="0.184" /><testcase classname="backend.tests.test_mobile_auth_redirect.TestGoogleCallback" name="test_google_callback_invalid_session" time="0.212" /><testcase classname="backend.tests.test_mobile_auth_redirect.TestGoogleCallback" name="test_google_callback_missing_session_id" time="0.274" /><testcase classname="backend.tests.test_mobile_auth_redirect.TestAuthMe" name="test_auth_me_with_valid_session" time="0.260" /><testcase classname="backend.tests.test_mobile_auth_redirect.TestAuthMe" name="test_auth_me_without_session" time="0.154" /></testsuite></testsuites>