<?xml version="1.0" encoding="utf-8"?><testsuites name="pytest tests"><testsuite name="pytest" errors="0" failures="0" skipped="0" tests="13" time="3.615" timestamp="2026-02-18T20:01:08.821158+00:00" hostname="agent-env-6cb5701e-db58-44c1-805e-fd63ba5011b6"><testcase classname="backend.tests.test_reset_progress.TestResetProgressEndpoints" name="test_reset_streak_endpoint_exists" time="0.457" /><testcase classname="backend.tests.test_reset_progress.TestResetProgressEndpoints" name="test_reset_chapters_endpoint_exists" time="0.163" /><testcase classname="backend.tests.test_reset_progress.TestResetProgressEndpoints" name="test_reset_journal_endpoint_exists" time="0.171" /><testcase classname="backend.tests.test_reset_progress.TestResetProgressEndpoints" name="test_reset_history_endpoint_exists" time="0.138" /><testcase classname="backend.tests.test_reset_progress.TestResetProgressEndpoints" name="test_reset_invalid_stat_returns_400" time="0.126" /><testcase classname="backend.tests.test_reset_progress.TestResetStreakIsolation" name="test_streak_reset_preserves_chapters_and_journal" time="0.484" /><testcase classname="backend.tests.test_reset_progress.TestResetChaptersWithHistory" name="test_chapters_reset_clears_history" time="0.454" /><testcase classname="backend.tests.test_reset_progress.TestResetJournalWithEntries" name="test_journal_reset_clears_entries" time="0.480" /><testcase classname="backend.tests.test_reset_progress.TestResetHistoryOnly" name="test_history_reset_only_clears_history" time="0.449" /><testcase classname="backend.tests.test_reset_progress.TestAuthRequired" name="test_reset_streak_requires_auth" time="0.130" /><testcase classname="backend.tests.test_reset_progress.TestAuthRequired" name="test_reset_chapters_requires_auth" time="0.194" /><testcase classname="backend.tests.test_reset_progress.TestAuthRequired" name="test_reset_journal_requires_auth" time="0.150" /><testcase classname="backend.tests.test_reset_progress.TestAuthRequired" name="test_reset_history_requires_auth" time="0.150" /></testsuite></testsuites>