<?xml version="1.0" encoding="utf-8"?><testsuites name="pytest tests"><testsuite name="pytest" errors="0" failures="0" skipped="0" tests="10" time="14.163" timestamp="2026-02-18T16:59:58.576094+00:00" hostname="agent-env-cfa44b93-a187-4da2-9cc3-d1c82af1fbb5"><testcase classname="backend.tests.test_iteration_28.TestIteration28BugFixes" name="test_create_study_note" time="0.442" /><testcase classname="backend.tests.test_iteration_28.TestIteration28BugFixes" name="test_create_study_note_without_verse" time="0.196" /><testcase classname="backend.tests.test_iteration_28.TestIteration28BugFixes" name="test_create_and_delete_journal_entry" time="10.313" /><testcase classname="backend.tests.test_iteration_28.TestIteration28BugFixes" name="test_delete_nonexistent_journal_entry" time="0.180" /><testcase classname="backend.tests.test_iteration_28.TestIteration28BugFixes" name="test_get_study_data_returns_user_bookmarks" time="0.352" /><testcase classname="backend.tests.test_iteration_28.TestIteration28BugFixes" name="test_get_study_data_returns_notes" time="0.190" /><testcase classname="backend.tests.test_iteration_28.TestIteration28BugFixes" name="test_create_bookmark" time="0.198" /><testcase classname="backend.tests.test_iteration_28.TestIteration28BugFixes" name="test_get_bookmarks_list" time="0.141" /><testcase classname="backend.tests.test_iteration_28.TestIteration28BugFixes" name="test_delete_bookmark" time="0.846" /><testcase classname="backend.tests.test_iteration_28.TestIteration28BugFixes" name="test_cleanup" time="1.236" /></testsuite></testsuites>