<?xml version="1.0" encoding="utf-8"?><testsuites name="pytest tests"><testsuite name="pytest" errors="0" failures="1" skipped="0" tests="19" time="7.648" timestamp="2026-02-16T04:06:29.241471+00:00" hostname="agent-env-7a02bc4f-b811-4c3d-843c-88cd98ded59a"><testcase classname="backend.tests.test_iteration_17.TestPublicEndpoints" name="test_languages_endpoint" time="0.194" /><testcase classname="backend.tests.test_iteration_17.TestPublicEndpoints" name="test_bible_editions_endpoint" time="0.131" /><testcase classname="backend.tests.test_iteration_17.TestPublicEndpoints" name="test_bible_books_italian" time="0.107" /><testcase classname="backend.tests.test_iteration_17.TestPublicEndpoints" name="test_bible_books_spanish" time="0.112" /><testcase classname="backend.tests.test_iteration_17.TestPublicEndpoints" name="test_bible_chapter_genesi_1" time="0.123" /><testcase classname="backend.tests.test_iteration_17.TestPublicEndpoints" name="test_quiz_topics" time="0.126" /><testcase classname="backend.tests.test_iteration_17.TestPublicEndpoints" name="test_quiz_categories" time="0.144" /><testcase classname="backend.tests.test_iteration_17.TestAuthentication" name="test_login_success" time="0.135" /><testcase classname="backend.tests.test_iteration_17.TestAuthentication" name="test_login_invalid_credentials" time="0.101" /><testcase classname="backend.tests.test_iteration_17.TestAuthentication" name="test_auth_me_without_token" time="0.130" /><testcase classname="backend.tests.test_iteration_17.TestAuthentication" name="test_auth_me_with_token" time="0.251" /><testcase classname="backend.tests.test_iteration_17.TestAuthenticatedEndpoints" name="test_daily_verse" time="0.238"><failure message="assert 404 == 200&#10; +  where 404 = &lt;Response [404]&gt;.status_code">backend/tests/test_iteration_17.py:170: in test_daily_verse
    assert response.status_code == 200
E   assert 404 == 200
E    +  where 404 = &lt;Response [404]&gt;.status_code</failure></testcase><testcase classname="backend.tests.test_iteration_17.TestAuthenticatedEndpoints" name="test_user_progress" time="0.252" /><testcase classname="backend.tests.test_iteration_17.TestAuthenticatedEndpoints" name="test_journal_entries_list" time="0.237" /><testcase classname="backend.tests.test_iteration_17.TestAuthenticatedEndpoints" name="test_community_messages" time="0.268" /><testcase classname="backend.tests.test_iteration_17.TestAuthenticatedEndpoints" name="test_donation_config" time="0.203" /><testcase classname="backend.tests.test_iteration_17.TestMoodCheckin" name="test_mood_checkin" time="4.543" /><testcase classname="backend.tests.test_iteration_17.TestDictionary" name="test_dictionary_search" time="0.147" /><testcase classname="backend.tests.test_iteration_17.TestDictionary" name="test_dictionary_term" time="0.113" /></testsuite></testsuites>