<?xml version="1.0" encoding="utf-8"?><testsuites name="pytest tests"><testsuite name="pytest" errors="0" failures="0" skipped="0" tests="17" time="3.295" timestamp="2026-02-14T21:00:11.223819+00:00" hostname="agent-env-dc52c613-6238-4b0a-a2eb-fdf158e5924a"><testcase classname="backend.tests.test_iteration_12.TestConsentAPI" name="test_consent_status_unauthorized" time="0.291" /><testcase classname="backend.tests.test_iteration_12.TestConsentAPI" name="test_consent_status_authenticated" time="0.250" /><testcase classname="backend.tests.test_iteration_12.TestConsentAPI" name="test_consent_accept_unauthorized" time="0.181" /><testcase classname="backend.tests.test_iteration_12.TestConsentAPI" name="test_consent_accept_missing_version" time="0.156" /><testcase classname="backend.tests.test_iteration_12.TestConsentAPI" name="test_consent_accept_success" time="0.167" /><testcase classname="backend.tests.test_iteration_12.TestConsentAPI" name="test_consent_status_after_accept" time="0.099" /><testcase classname="backend.tests.test_iteration_12.TestReadingHistoryAPI" name="test_reading_history_get" time="0.282" /><testcase classname="backend.tests.test_iteration_12.TestReadingHistoryAPI" name="test_save_chapter_reading" time="0.166" /><testcase classname="backend.tests.test_iteration_12.TestReadingHistoryAPI" name="test_reading_history_contains_saved_chapter" time="0.125" /><testcase classname="backend.tests.test_iteration_12.TestProgressAPI" name="test_get_progress" time="0.261" /><testcase classname="backend.tests.test_iteration_12.TestMultiLanguageSupport" name="test_get_languages" time="0.340" /><testcase classname="backend.tests.test_iteration_12.TestMultiLanguageSupport" name="test_bible_books_italian" time="0.102" /><testcase classname="backend.tests.test_iteration_12.TestMultiLanguageSupport" name="test_bible_books_english" time="0.140" /><testcase classname="backend.tests.test_iteration_12.TestMultiLanguageSupport" name="test_bible_books_spanish" time="0.110" /><testcase classname="backend.tests.test_iteration_12.TestAuthEndpoints" name="test_login_success" time="0.135" /><testcase classname="backend.tests.test_iteration_12.TestAuthEndpoints" name="test_login_invalid_credentials" time="0.110" /><testcase classname="backend.tests.test_iteration_12.TestAuthEndpoints" name="test_auth_me" time="0.296" /></testsuite></testsuites>