<?xml version="1.0" encoding="utf-8"?><testsuites name="pytest tests"><testsuite name="pytest" errors="0" failures="0" skipped="0" tests="28" time="13.541" timestamp="2026-02-13T09:08:33.294097+00:00" hostname="agent-env-fdd9931b-6874-402c-b672-d41e77e73e15"><testcase classname="tests.test_dictionary.TestDictionaryList" name="test_dictionary_returns_69_terms_italian" time="0.175" /><testcase classname="tests.test_dictionary.TestDictionaryList" name="test_dictionary_returns_69_terms_english" time="0.055" /><testcase classname="tests.test_dictionary.TestDictionaryList" name="test_dictionary_returns_69_terms_spanish" time="0.050" /><testcase classname="tests.test_dictionary.TestDictionaryList" name="test_dictionary_returns_69_terms_german" time="0.049" /><testcase classname="tests.test_dictionary.TestDictionaryList" name="test_dictionary_returns_69_terms_french" time="0.050" /><testcase classname="tests.test_dictionary.TestDictionaryList" name="test_dictionary_returns_69_terms_portuguese" time="0.048" /><testcase classname="tests.test_dictionary.TestDictionaryList" name="test_dictionary_sorted_alphabetically" time="0.051" /><testcase classname="tests.test_dictionary.TestDictionaryList" name="test_origin_labels_translated_italian" time="0.048" /><testcase classname="tests.test_dictionary.TestDictionaryList" name="test_origin_labels_translated_english" time="0.051" /><testcase classname="tests.test_dictionary.TestDictionaryList" name="test_origin_labels_translated_spanish" time="0.052" /><testcase classname="tests.test_dictionary.TestDictionaryList" name="test_origin_labels_translated_german" time="0.093" /><testcase classname="tests.test_dictionary.TestDictionaryList" name="test_origin_labels_translated_french" time="0.097" /><testcase classname="tests.test_dictionary.TestDictionaryList" name="test_origin_labels_translated_portuguese" time="0.056" /><testcase classname="tests.test_dictionary.TestDictionaryTermDetail" name="test_get_term_detail_italian" time="0.052" /><testcase classname="tests.test_dictionary.TestDictionaryTermDetail" name="test_get_term_detail_english" time="0.055" /><testcase classname="tests.test_dictionary.TestDictionaryTermDetail" name="test_get_term_detail_spanish" time="0.083" /><testcase classname="tests.test_dictionary.TestDictionaryTermDetail" name="test_get_term_not_found" time="0.048" /><testcase classname="tests.test_dictionary.TestDictionaryTermDetail" name="test_get_aramaic_term" time="0.103" /><testcase classname="tests.test_dictionary.TestDictionaryTermDetail" name="test_get_aramaic_term_english_origin_label" time="0.242" /><testcase classname="tests.test_dictionary.TestDictionaryTermDetail" name="test_term_has_verses" time="0.164" /><testcase classname="tests.test_dictionary.TestAITranslation" name="test_ai_translation_for_non_pretranslated_term" time="0.049" /><testcase classname="tests.test_dictionary.TestAITranslation" name="test_ai_translation_caching" time="0.178" /><testcase classname="tests.test_dictionary.TestQuizSubmit" name="test_quiz_topics_available" time="0.069" /><testcase classname="tests.test_dictionary.TestQuizSubmit" name="test_quiz_questions_available" time="0.142" /><testcase classname="tests.test_dictionary.TestQuizSubmit" name="test_quiz_submit" time="2.453" /><testcase classname="tests.test_dictionary.TestDictionarySearch" name="test_search_dictionary_italian" time="0.052" /><testcase classname="tests.test_dictionary.TestDictionarySearch" name="test_search_dictionary_term_name" time="0.054" /><testcase classname="tests.test_dictionary.TestDictionaryAIStudy" name="test_ai_dictionary_study" time="8.809" /></testsuite></testsuites>