<?xml version="1.0" encoding="utf-8"?><testsuites name="pytest tests"><testsuite name="pytest" errors="0" failures="1" skipped="0" tests="28" time="10.689" timestamp="2026-02-13T09:07:51.856543+00:00" hostname="agent-env-fdd9931b-6874-402c-b672-d41e77e73e15"><testcase classname="tests.test_dictionary.TestDictionaryList" name="test_dictionary_returns_69_terms_italian" time="0.231" /><testcase classname="tests.test_dictionary.TestDictionaryList" name="test_dictionary_returns_69_terms_english" time="0.191" /><testcase classname="tests.test_dictionary.TestDictionaryList" name="test_dictionary_returns_69_terms_spanish" time="0.054" /><testcase classname="tests.test_dictionary.TestDictionaryList" name="test_dictionary_returns_69_terms_german" time="0.053" /><testcase classname="tests.test_dictionary.TestDictionaryList" name="test_dictionary_returns_69_terms_french" time="0.053" /><testcase classname="tests.test_dictionary.TestDictionaryList" name="test_dictionary_returns_69_terms_portuguese" time="0.053" /><testcase classname="tests.test_dictionary.TestDictionaryList" name="test_dictionary_sorted_alphabetically" time="0.051" /><testcase classname="tests.test_dictionary.TestDictionaryList" name="test_origin_labels_translated_italian" time="0.064" /><testcase classname="tests.test_dictionary.TestDictionaryList" name="test_origin_labels_translated_english" time="0.051" /><testcase classname="tests.test_dictionary.TestDictionaryList" name="test_origin_labels_translated_spanish" time="0.102" /><testcase classname="tests.test_dictionary.TestDictionaryList" name="test_origin_labels_translated_german" time="0.046" /><testcase classname="tests.test_dictionary.TestDictionaryList" name="test_origin_labels_translated_french" time="0.052" /><testcase classname="tests.test_dictionary.TestDictionaryList" name="test_origin_labels_translated_portuguese" time="0.051" /><testcase classname="tests.test_dictionary.TestDictionaryTermDetail" name="test_get_term_detail_italian" time="0.057" /><testcase classname="tests.test_dictionary.TestDictionaryTermDetail" name="test_get_term_detail_english" time="0.048" /><testcase classname="tests.test_dictionary.TestDictionaryTermDetail" name="test_get_term_detail_spanish" time="0.050" /><testcase classname="tests.test_dictionary.TestDictionaryTermDetail" name="test_get_term_not_found" time="0.052" /><testcase classname="tests.test_dictionary.TestDictionaryTermDetail" name="test_get_aramaic_term" time="0.050" /><testcase classname="tests.test_dictionary.TestDictionaryTermDetail" name="test_get_aramaic_term_english_origin_label" time="0.114" /><testcase classname="tests.test_dictionary.TestDictionaryTermDetail" name="test_term_has_verses" time="0.049" /><testcase classname="tests.test_dictionary.TestAITranslation" name="test_ai_translation_for_non_pretranslated_term" time="0.051" /><testcase classname="tests.test_dictionary.TestAITranslation" name="test_ai_translation_caching" time="0.103" /><testcase classname="tests.test_dictionary.TestQuizSubmit" name="test_quiz_topics_available" time="0.179" /><testcase classname="tests.test_dictionary.TestQuizSubmit" name="test_quiz_questions_available" time="0.192" /><testcase classname="tests.test_dictionary.TestQuizSubmit" name="test_quiz_submit" time="0.221"><failure message="AssertionError: Quiz submit failed: {&quot;detail&quot;:[{&quot;type&quot;:&quot;dict_type&quot;,&quot;loc&quot;:[&quot;body&quot;,&quot;answers&quot;],&quot;msg&quot;:&quot;Input should be a valid dictionary&quot;,&quot;input&quot;:[{&quot;question_id&quot;:&quot;gen1&quot;,&quot;answer&quot;:0},{&quot;question_id&quot;:&quot;gen2&quot;,&quot;answer&quot;:1},{&quot;question_id&quot;:&quot;gen3&quot;,&quot;answer&quot;:1},{&quot;question_id&quot;:&quot;gen4&quot;,&quot;answer&quot;:1},{&quot;question_id&quot;:&quot;gen5&quot;,&quot;answer&quot;:1},{&quot;question_id&quot;:&quot;gen6&quot;,&quot;answer&quot;:1},{&quot;question_id&quot;:&quot;gen7&quot;,&quot;answer&quot;:2},{&quot;question_id&quot;:&quot;gen8&quot;,&quot;answer&quot;:1},{&quot;question_id&quot;:&quot;gen9&quot;,&quot;answer&quot;:1},{&quot;question_id&quot;:&quot;gen10&quot;,&quot;answer&quot;:0},{&quot;question_id&quot;:&quot;gen11&quot;,&quot;answer&quot;:1},{&quot;question_id&quot;:&quot;gen12&quot;,&quot;answer&quot;:1},{&quot;question_id&quot;:&quot;gen13&quot;,&quot;answer&quot;:1},{&quot;question_id&quot;:&quot;gen14&quot;,&quot;answer&quot;:1},{&quot;question_id&quot;:&quot;gen15&quot;,&quot;answer&quot;:2}],&quot;url&quot;:&quot;https://errors.pydantic.dev/2.12/v/dict_type&quot;}]}&#10;assert 422 in [200, 201]&#10; +  where 422 = &lt;Response [422]&gt;.status_code">tests/test_dictionary.py:361: in test_quiz_submit
    assert submit_response.status_code in [200, 201], f"Quiz submit failed: {submit_response.text}"
E   AssertionError: Quiz submit failed: {"detail":[{"type":"dict_type","loc":["body","answers"],"msg":"Input should be a valid dictionary","input":[{"question_id":"gen1","answer":0},{"question_id":"gen2","answer":1},{"question_id":"gen3","answer":1},{"question_id":"gen4","answer":1},{"question_id":"gen5","answer":1},{"question_id":"gen6","answer":1},{"question_id":"gen7","answer":2},{"question_id":"gen8","answer":1},{"question_id":"gen9","answer":1},{"question_id":"gen10","answer":0},{"question_id":"gen11","answer":1},{"question_id":"gen12","answer":1},{"question_id":"gen13","answer":1},{"question_id":"gen14","answer":1},{"question_id":"gen15","answer":2}],"url":"https://errors.pydantic.dev/2.12/v/dict_type"}]}
E   assert 422 in [200, 201]
E    +  where 422 = &lt;Response [422]&gt;.status_code</failure></testcase><testcase classname="tests.test_dictionary.TestDictionarySearch" name="test_search_dictionary_italian" time="0.076" /><testcase classname="tests.test_dictionary.TestDictionarySearch" name="test_search_dictionary_term_name" time="0.072" /><testcase classname="tests.test_dictionary.TestDictionaryAIStudy" name="test_ai_dictionary_study" time="8.189" /></testsuite></testsuites>