<?xml version="1.0" encoding="utf-8"?><testsuites name="pytest tests"><testsuite name="pytest" errors="0" failures="0" skipped="0" tests="10" time="60.519" timestamp="2026-02-18T19:42:28.474669+00:00" hostname="agent-env-6cb5701e-db58-44c1-805e-fd63ba5011b6"><testcase classname="tests.test_mood_checkin.TestMoodCheckinExcludeRef" name="test_mood_checkin_returns_different_verses_with_exclude_ref" time="28.342" /><testcase classname="tests.test_mood_checkin.TestMoodCheckinExcludeRef" name="test_mood_checkin_without_exclude_ref_backward_compatible" time="4.311" /><testcase classname="tests.test_mood_checkin.TestMoodCheckinDifferentMoods" name="test_different_moods_return_verses[happy-it]" time="5.874" /><testcase classname="tests.test_mood_checkin.TestMoodCheckinDifferentMoods" name="test_different_moods_return_verses[sad-it]" time="4.297" /><testcase classname="tests.test_mood_checkin.TestMoodCheckinDifferentMoods" name="test_different_moods_return_verses[anxious-it]" time="2.795" /><testcase classname="tests.test_mood_checkin.TestMoodCheckinDifferentMoods" name="test_different_moods_return_verses[felice-it]" time="3.934" /><testcase classname="tests.test_mood_checkin.TestMoodCheckinDifferentMoods" name="test_different_moods_return_verses[triste-it]" time="3.640" /><testcase classname="tests.test_mood_checkin.TestMoodCheckinDifferentMoods" name="test_different_moods_return_verses[ansioso-it]" time="3.763" /><testcase classname="tests.test_mood_checkin.TestMoodCheckinResponseStructure" name="test_response_contains_all_required_fields" time="3.347" /><testcase classname="tests.test_mood_checkin.TestMoodCheckinAuth" name="test_mood_checkin_requires_auth" time="0.155" /></testsuite></testsuites>