<?xml version="1.0" encoding="utf-8"?><testsuites name="pytest tests"><testsuite name="pytest" errors="0" failures="2" skipped="0" tests="18" time="2.901" timestamp="2026-02-24T07:28:19.679500+00:00" hostname="agent-env-faadc13c-2f71-4192-8280-f7cdeaa530a6"><testcase classname="backend.tests.test_minor_protection.TestMinorProtection" name="test_safety_status_endpoint_exists" time="0.161" /><testcase classname="backend.tests.test_minor_protection.TestMinorProtection" name="test_safety_status_with_auth" time="0.192" /><testcase classname="backend.tests.test_minor_protection.TestMinorProtection" name="test_update_birth_date_requires_auth" time="0.109" /><testcase classname="backend.tests.test_minor_protection.TestMinorProtection" name="test_update_birth_date_minor" time="0.160" /><testcase classname="backend.tests.test_minor_protection.TestMinorProtection" name="test_update_birth_date_adult" time="0.170" /><testcase classname="backend.tests.test_minor_protection.TestMinorProtection" name="test_update_birth_date_invalid_format" time="0.161" /><testcase classname="backend.tests.test_minor_protection.TestMinorProtection" name="test_safety_status_returns_minor_true" time="0.221" /><testcase classname="backend.tests.test_minor_protection.TestMinorProtection" name="test_private_message_minor_blocked_non_friend" time="0.209" /><testcase classname="backend.tests.test_minor_protection.TestMinorProtection" name="test_private_message_adult_allowed" time="0.238" /><testcase classname="backend.tests.test_minor_protection.TestMinorProtection" name="test_acknowledge_safety_reminder" time="0.146" /><testcase classname="backend.tests.test_minor_protection.TestMinorProtection" name="test_can_share_info_minor_no_consent" time="0.201" /><testcase classname="backend.tests.test_minor_protection.TestMinorProtection" name="test_can_share_info_adult" time="0.199" /><testcase classname="backend.tests.test_minor_protection.TestDownloads" name="test_download_apk_endpoint" time="0.098"><failure message="AssertionError: Expected 200, got 405&#10;assert 405 == 200&#10; +  where 405 = &lt;Response [405]&gt;.status_code">backend/tests/test_minor_protection.py:236: in test_download_apk_endpoint
    assert response.status_code == 200, f"Expected 200, got {response.status_code}"
E   AssertionError: Expected 200, got 405
E   assert 405 == 200
E    +  where 405 = &lt;Response [405]&gt;.status_code</failure></testcase><testcase classname="backend.tests.test_minor_protection.TestDownloads" name="test_download_apk_content_type" time="0.104" /><testcase classname="backend.tests.test_minor_protection.TestDownloads" name="test_download_aab_endpoint" time="0.098"><failure message="AssertionError: Expected 200, got 405&#10;assert 405 == 200&#10; +  where 405 = &lt;Response [405]&gt;.status_code">backend/tests/test_minor_protection.py:250: in test_download_aab_endpoint
    assert response.status_code == 200, f"Expected 200, got {response.status_code}"
E   AssertionError: Expected 200, got 405
E   assert 405 == 200
E    +  where 405 = &lt;Response [405]&gt;.status_code</failure></testcase><testcase classname="backend.tests.test_minor_protection.TestDownloads" name="test_download_aab_content_type" time="0.132" /><testcase classname="backend.tests.test_minor_protection.TestRegistrationBirthDate" name="test_register_with_birth_date" time="0.104" /><testcase classname="backend.tests.test_minor_protection.TestRegistrationBirthDate" name="test_register_without_birth_date" time="0.106" /></testsuite></testsuites>