<?xml version="1.0" encoding="utf-8"?><testsuites name="pytest tests"><testsuite name="pytest" errors="0" failures="0" skipped="0" tests="10" time="4.334" timestamp="2026-02-14T22:58:17.893939+00:00" hostname="agent-env-81b4df7a-5706-4786-b5e8-f2129ffb39c0"><testcase classname="backend.tests.test_iteration_15_tts_private_msgs.TestLanguagesTTS" name="test_languages_have_tts_codes" time="0.291" /><testcase classname="backend.tests.test_iteration_15_tts_private_msgs.TestPrivateMessagesAPI" name="test_private_messages_requires_auth" time="0.590" /><testcase classname="backend.tests.test_iteration_15_tts_private_msgs.TestPrivateMessagesAPI" name="test_get_conversation_requires_auth" time="0.397" /><testcase classname="backend.tests.test_iteration_15_tts_private_msgs.TestPrivateMessagesAPI" name="test_get_all_conversations_requires_auth" time="0.390" /><testcase classname="backend.tests.test_iteration_15_tts_private_msgs.TestPrivateMessagesAPI" name="test_send_private_message_to_nonexistent_user" time="0.343" /><testcase classname="backend.tests.test_iteration_15_tts_private_msgs.TestPrivateMessagesAPI" name="test_send_and_retrieve_private_message" time="0.519" /><testcase classname="backend.tests.test_iteration_15_tts_private_msgs.TestPrivateMessagesAPI" name="test_get_all_conversations" time="0.874" /><testcase classname="backend.tests.test_iteration_15_tts_private_msgs.TestOnlineUsersForPrivateChat" name="test_get_online_users" time="0.108" /><testcase classname="backend.tests.test_iteration_15_tts_private_msgs.TestOnlineUsersForPrivateChat" name="test_heartbeat_updates_online_status" time="0.313" /><testcase classname="backend.tests.test_iteration_15_tts_private_msgs.TestBibleTTSData" name="test_bible_chapter_has_readable_text" time="0.444" /></testsuite></testsuites>