<?xml version="1.0" encoding="utf-8"?><testsuites name="pytest tests"><testsuite name="pytest" errors="0" failures="0" skipped="0" tests="18" time="2.848" timestamp="2026-02-24T07:28:38.787922+00:00" hostname="agent-env-faadc13c-2f71-4192-8280-f7cdeaa530a6"><testcase classname="backend.tests.test_minor_protection.TestMinorProtection" name="test_safety_status_endpoint_exists" time="0.138" /><testcase classname="backend.tests.test_minor_protection.TestMinorProtection" name="test_safety_status_with_auth" time="0.174" /><testcase classname="backend.tests.test_minor_protection.TestMinorProtection" name="test_update_birth_date_requires_auth" time="0.101" /><testcase classname="backend.tests.test_minor_protection.TestMinorProtection" name="test_update_birth_date_minor" time="0.168" /><testcase classname="backend.tests.test_minor_protection.TestMinorProtection" name="test_update_birth_date_adult" time="0.184" /><testcase classname="backend.tests.test_minor_protection.TestMinorProtection" name="test_update_birth_date_invalid_format" time="0.155" /><testcase classname="backend.tests.test_minor_protection.TestMinorProtection" name="test_safety_status_returns_minor_true" time="0.218" /><testcase classname="backend.tests.test_minor_protection.TestMinorProtection" name="test_private_message_minor_blocked_non_friend" time="0.227" /><testcase classname="backend.tests.test_minor_protection.TestMinorProtection" name="test_private_message_adult_allowed" time="0.210" /><testcase classname="backend.tests.test_minor_protection.TestMinorProtection" name="test_acknowledge_safety_reminder" time="0.153" /><testcase classname="backend.tests.test_minor_protection.TestMinorProtection" name="test_can_share_info_minor_no_consent" time="0.205" /><testcase classname="backend.tests.test_minor_protection.TestMinorProtection" name="test_can_share_info_adult" time="0.204" /><testcase classname="backend.tests.test_minor_protection.TestDownloads" name="test_download_apk_endpoint" time="0.123" /><testcase classname="backend.tests.test_minor_protection.TestDownloads" name="test_download_apk_content_type" time="0.108" /><testcase classname="backend.tests.test_minor_protection.TestDownloads" name="test_download_aab_endpoint" time="0.094" /><testcase classname="backend.tests.test_minor_protection.TestDownloads" name="test_download_aab_content_type" time="0.102" /><testcase classname="backend.tests.test_minor_protection.TestRegistrationBirthDate" name="test_register_with_birth_date" time="0.105" /><testcase classname="backend.tests.test_minor_protection.TestRegistrationBirthDate" name="test_register_without_birth_date" time="0.107" /></testsuite></testsuites>