<?xml version="1.0" encoding="utf-8"?><testsuites name="pytest tests"><testsuite name="pytest" errors="0" failures="0" skipped="0" tests="18" time="1.042" timestamp="2026-02-12T17:08:45.360820+00:00" hostname="agent-env-e1218386-52f2-40bb-899b-b20c99bb80fa"><testcase classname="backend.tests.test_bible_multilang.TestBibleBooksEndpoint" name="test_italian_books_returns_37_books" time="0.093" /><testcase classname="backend.tests.test_bible_multilang.TestBibleBooksEndpoint" name="test_english_books_returns_37_books" time="0.038" /><testcase classname="backend.tests.test_bible_multilang.TestBibleBooksEndpoint" name="test_spanish_books_returns_37_books" time="0.032" /><testcase classname="backend.tests.test_bible_multilang.TestBibleBooksEndpoint" name="test_german_books_returns_37_books_not_italian_fallback" time="0.040" /><testcase classname="backend.tests.test_bible_multilang.TestBibleBooksEndpoint" name="test_french_books_returns_37_books" time="0.034" /><testcase classname="backend.tests.test_bible_multilang.TestBibleBooksEndpoint" name="test_portuguese_books_returns_37_books" time="0.041" /><testcase classname="backend.tests.test_bible_multilang.TestBibleBooksEndpoint" name="test_books_consistent_order_across_languages" time="0.213" /><testcase classname="backend.tests.test_bible_multilang.TestBibleChapterEndpoint" name="test_italian_genesis_chapter_1" time="0.036" /><testcase classname="backend.tests.test_bible_multilang.TestBibleChapterEndpoint" name="test_english_genesis_chapter_1" time="0.035" /><testcase classname="backend.tests.test_bible_multilang.TestBibleChapterEndpoint" name="test_spanish_genesis_chapter_1" time="0.040" /><testcase classname="backend.tests.test_bible_multilang.TestBibleChapterEndpoint" name="test_german_genesis_chapter_1_returns_german_text" time="0.033" /><testcase classname="backend.tests.test_bible_multilang.TestBibleChapterEndpoint" name="test_german_psalms_chapter_23" time="0.035" /><testcase classname="backend.tests.test_bible_multilang.TestBibleChapterEndpoint" name="test_french_genesis_chapter_1" time="0.037" /><testcase classname="backend.tests.test_bible_multilang.TestBibleChapterEndpoint" name="test_portuguese_genesis_chapter_1" time="0.039" /><testcase classname="backend.tests.test_bible_multilang.TestCrossLanguageBookResolution" name="test_german_book_name_in_list_matches_expected" time="0.035" /><testcase classname="backend.tests.test_bible_multilang.TestCrossLanguageBookResolution" name="test_language_fallback_not_happening" time="0.074" /><testcase classname="backend.tests.test_bible_multilang.TestHealthCheck" name="test_api_is_reachable" time="0.031" /><testcase classname="backend.tests.test_bible_multilang.TestHealthCheck" name="test_languages_endpoint" time="0.034" /></testsuite></testsuites>