<?xml version="1.0" encoding="utf-8"?><testsuites name="pytest tests"><testsuite name="pytest" errors="0" failures="0" skipped="0" tests="8" time="3.615" timestamp="2026-02-14T23:50:40.818984+00:00" hostname="agent-env-fffdbf42-69dd-45eb-8cb4-30fb5b74572c"><testcase classname="backend.tests.test_consent_flow.TestConsentFlow" name="test_consent_status_requires_auth" time="0.381" /><testcase classname="backend.tests.test_consent_flow.TestConsentFlow" name="test_consent_status_returns_boolean" time="0.240" /><testcase classname="backend.tests.test_consent_flow.TestConsentFlow" name="test_withdraw_consent" time="0.450" /><testcase classname="backend.tests.test_consent_flow.TestConsentFlow" name="test_consent_status_false_after_withdraw" time="0.461" /><testcase classname="backend.tests.test_consent_flow.TestConsentFlow" name="test_accept_consent" time="0.412" /><testcase classname="backend.tests.test_consent_flow.TestConsentFlow" name="test_consent_status_true_after_accept" time="0.463" /><testcase classname="backend.tests.test_consent_flow.TestConsentFlow" name="test_accept_requires_version" time="0.292" /><testcase classname="backend.tests.test_consent_flow.TestConsentFlow" name="test_full_consent_flow" time="0.804" /></testsuite></testsuites>