<?xml version="1.0" encoding="utf-8"?><testsuites name="pytest tests"><testsuite name="pytest" errors="0" failures="0" skipped="0" tests="11" time="2.508" timestamp="2026-02-16T16:44:00.222405+00:00" hostname="agent-env-034bf1e8-cfca-4411-9219-ccecf0d13adf"><testcase classname="backend.tests.test_password_reset.TestForgotPasswordEndpoint" name="test_forgot_password_with_registered_email" time="0.417" /><testcase classname="backend.tests.test_password_reset.TestForgotPasswordEndpoint" name="test_forgot_password_unregistered_email_returns_success" time="0.108" /><testcase classname="backend.tests.test_password_reset.TestForgotPasswordEndpoint" name="test_forgot_password_empty_email" time="0.115" /><testcase classname="backend.tests.test_password_reset.TestResetPasswordEndpoint" name="test_reset_password_with_invalid_code" time="0.203" /><testcase classname="backend.tests.test_password_reset.TestResetPasswordEndpoint" name="test_reset_password_with_valid_code" time="0.416" /><testcase classname="backend.tests.test_password_reset.TestResetPasswordEndpoint" name="test_reset_password_used_code_rejected" time="0.162" /><testcase classname="backend.tests.test_password_reset.TestResetPasswordEndpoint" name="test_reset_password_expired_code_rejected" time="0.171" /><testcase classname="backend.tests.test_password_reset.TestAuthMeEndpoint" name="test_auth_me_with_valid_session" time="0.286" /><testcase classname="backend.tests.test_password_reset.TestAuthMeEndpoint" name="test_auth_me_without_session" time="0.160" /><testcase classname="backend.tests.test_password_reset.TestLoginRegression" name="test_login_with_valid_credentials" time="0.168" /><testcase classname="backend.tests.test_password_reset.TestLoginRegression" name="test_login_with_invalid_credentials" time="0.158" /></testsuite></testsuites>