<?xml version="1.0" encoding="utf-8"?><testsuites name="pytest tests"><testsuite name="pytest" errors="0" failures="3" skipped="0" tests="12" time="45.026" timestamp="2026-02-18T09:52:35.073556+00:00" hostname="agent-env-cfa44b93-a187-4da2-9cc3-d1c82af1fbb5"><testcase classname="tests.test_iteration_24.TestMoodCheckinRandomVerses" name="test_mood_checkin_returns_different_verses" time="26.564" /><testcase classname="tests.test_iteration_24.TestMoodCheckinRandomVerses" name="test_mood_checkin_happy_mood" time="3.461" /><testcase classname="tests.test_iteration_24.TestMoodCheckinRandomVerses" name="test_mood_checkin_sad_mood" time="3.277" /><testcase classname="tests.test_iteration_24.TestMoodCheckinRandomVerses" name="test_mood_checkin_multilingual" time="9.829" /><testcase classname="tests.test_iteration_24.TestDailyVerseAPI" name="test_daily_verse_italian" time="0.118"><failure message="AssertionError: assert 'verse' in {'language': 'it', 'reference': 'Salmi 23:3', 'text': 'Egli ristora la mia anima, mi guida per sentieri di giustizia per amore del suo nome.'}">tests/test_iteration_24.py:140: in test_daily_verse_italian
    assert "verse" in data
E   AssertionError: assert 'verse' in {'language': 'it', 'reference': 'Salmi 23:3', 'text': 'Egli ristora la mia anima, mi guida per sentieri di giustizia per amore del suo nome.'}</failure></testcase><testcase classname="tests.test_iteration_24.TestDailyVerseAPI" name="test_daily_verse_english" time="0.106"><failure message="assert 'verse' in {'language': 'en', 'reference': 'Psalms 23:3', 'text': &quot;He restoreth my soul: he leadeth me in the paths of righteousness for his name's sake.&quot;}">tests/test_iteration_24.py:153: in test_daily_verse_english
    assert "verse" in data
E   assert 'verse' in {'language': 'en', 'reference': 'Psalms 23:3', 'text': "He restoreth my soul: he leadeth me in the paths of righteousness for his name's sake."}</failure></testcase><testcase classname="tests.test_iteration_24.TestDailyVerseAPI" name="test_daily_verse_spanish" time="0.098"><failure message="AssertionError: assert 'verse' in {'language': 'es', 'reference': 'Salmos 23:3', 'text': 'Confortará mi alma; me guiará por sendas de justicia por amor de su nombre.'}">tests/test_iteration_24.py:166: in test_daily_verse_spanish
    assert "verse" in data
E   AssertionError: assert 'verse' in {'language': 'es', 'reference': 'Salmos 23:3', 'text': 'Confortará mi alma; me guiará por sendas de justicia por amor de su nombre.'}</failure></testcase><testcase classname="tests.test_iteration_24.TestBookmarksAPI" name="test_get_bookmarks" time="0.105" /><testcase classname="tests.test_iteration_24.TestBookmarksAPI" name="test_create_and_delete_bookmark" time="0.486" /><testcase classname="tests.test_iteration_24.TestStudyNotesAPI" name="test_get_all_study_notes" time="0.225" /><testcase classname="tests.test_iteration_24.TestStudyNotesAPI" name="test_create_and_delete_study_note" time="0.438" /><testcase classname="tests.test_iteration_24.TestMyContentIntegration" name="test_all_content_types_accessible" time="0.223" /></testsuite></testsuites>